#
# A fatal error has been detected by the Java Runtime Environment:
#
#  EXCEPTION_ACCESS_VIOLATION (0xc0000005) at pc=0x00007ffc6d793004, pid=12612, tid=6440
#
# JRE version: OpenJDK Runtime Environment (24.0+36) (build 24+36-3646)
# Java VM: OpenJDK 64-Bit Server VM (24+36-3646, mixed mode, sharing, tiered, compressed oops, compressed class ptrs, g1 gc, windows-amd64)
# Problematic frame:
# C  [libasyncProfiler.dll+0x93004]
#
# No core dump will be written. Minidumps are not enabled by default on client versions of Windows
#
# JFR recording file will be written. Location: D:\YEAR 4\DATA WAREHOUSE\DataWarehouse\hs_err_pid12612.jfr
#
# If you would like to submit a bug report, please visit:
#   https://bugreport.java.com/bugreport/crash.jsp
# The crash happened outside the Java Virtual Machine in native code.
# See problematic frame for where to report the bug.
#

---------------  S U M M A R Y ------------

Command Line: -javaagent:C:\Program Files\JetBrains\IntelliJ IDEA 2024.3.5\lib\idea_rt.jar=50588 -Dfile.encoding=UTF-8 -Dsun.stdout.encoding=UTF-8 -Dsun.stderr.encoding=UTF-8 vn.edu.hcmuaf.fit.load_data.LoadCleanToDB

Host: 13th Gen Intel(R) Core(TM) i7-13620H, 16 cores, 15G,  Windows 11 , 64 bit Build 26100 (10.0.26100.7019)
Time: Sun Nov 23 00:01:35 2025 SE Asia Standard Time elapsed time: 4.388343 seconds (0d 0h 0m 4s)

---------------  T H R E A D  ---------------

Current thread (0x000002166e93abf0):  JavaThread "Attach Listener" daemon [_thread_in_native, id=6440, stack(0x0000008338e00000,0x0000008338f00000) (1024K)]

Stack: [0x0000008338e00000,0x0000008338f00000],  sp=0x0000008338efee70,  free space=1019k
Native frames: (J=compiled Java code, j=interpreted, Vv=VM code, C=native code)
C  [libasyncProfiler.dll+0x93004]  (no source info available)
C  [libasyncProfiler.dll+0x934db]  (no source info available)
C  [libasyncProfiler.dll+0x92134]  (no source info available)
C  [libasyncProfiler.dll+0x929aa]  (no source info available)
C  [libasyncProfiler.dll+0x8d561]  (no source info available)
C  [libasyncProfiler.dll+0x7ef21]  (no source info available)
C  [libasyncProfiler.dll+0x7dc38]  (no source info available)
C  [libasyncProfiler.dll+0x7db20]  (no source info available)
C  [libasyncProfiler.dll+0x84af9]  (no source info available)
V  [jvm.dll+0x57f1b7]  (no source info available)
V  [jvm.dll+0x57ff2c]  (no source info available)
V  [jvm.dll+0x14c9b7]  (no source info available)
V  [jvm.dll+0x14df81]  (no source info available)
V  [jvm.dll+0x42f566]  (no source info available)
V  [jvm.dll+0x87d8fb]  (no source info available)
V  [jvm.dll+0x72efe5]  (no source info available)
C  [ucrtbase.dll+0x37b0]  (no source info available)
C  [KERNEL32.DLL+0x2e8d7]  (no source info available)
C  [ntdll.dll+0x8c53c]  (no source info available)


siginfo: EXCEPTION_ACCESS_VIOLATION (0xc0000005), reading address 0xffffffffffffffff


Registers:
RAX=0x0000000000000010, RBX=0x0000000000000000, RCX=0xffffffffffffffff, RDX=0x007ffc5c712ff010
RSP=0x0000008338efee70, RBP=0x00000216475e4f48, RSI=0x0000008338efefe0, RDI=0x00000216475e4f48
R8 =0x0000000000000042, R9 =0x000000071143a660, R10=0x00007ffc5c989fc0, R11=0x0000000000000004
R12=0x0000008338efefe0, R13=0x00000216478d49a0, R14=0x000002166e93afb8, R15=0x000002166e93afb8
RIP=0x00007ffc6d793004, EFLAGS=0x0000000000010202

XMM[0]=0x0000000000000000 0x0000000000000000
XMM[1]=0x0000000000000000 0x0000000000000000
XMM[2]=0x0000000000000000 0x0000000000000000
XMM[3]=0x0000000000000000 0x0000000000000000
XMM[4]=0x0000000000000000 0x0000000000000000
XMM[5]=0x0000000000000000 0x0000000000000000
XMM[6]=0x0000000000000000 0x0000000000000000
XMM[7]=0x0000000000000000 0x0000000000000000
XMM[8]=0x0000000000000000 0x0000000000000000
XMM[9]=0x0000000000000000 0x0000000000000000
XMM[10]=0x0000000000000000 0x0000000000000000
XMM[11]=0x0000000000000000 0x0000000000000000
XMM[12]=0x0000000000000000 0x0000000000000000
XMM[13]=0x0000000000000000 0x0000000000000000
XMM[14]=0x0000000000000000 0x0000000000000000
XMM[15]=0x0000000000000000 0x0000000000000000
  MXCSR=0x00001fa0


Register to memory mapping:

RAX=0x0000000000000010 is an unknown value
RBX=0x0 is null
RCX=0xffffffffffffffff is an unknown value
RDX=0x007ffc5c712ff010 is an unknown value
RSP=0x0000008338efee70 is pointing into the stack for thread: 0x000002166e93abf0
RBP=0x00000216475e4f48 points into unknown readable memory: 0x000000071143a660 | 60 a6 43 11 07 00 00 00
RSI=0x0000008338efefe0 is pointing into the stack for thread: 0x000002166e93abf0
RDI=0x00000216475e4f48 points into unknown readable memory: 0x000000071143a660 | 60 a6 43 11 07 00 00 00
R8 =0x0000000000000042 is an unknown value
R9 =0x000000071143a660 is an oop: java.lang.Thread 
{0x000000071143a660} - klass: 'java/lang/Thread' - flags: 

 - ---- fields (total size 14 words):
 - 'threadLocalRandomProbe' 'I' @12  0 (0x00000000)
 - private volatile 'eetop' 'J' @16  2294806860064 (0x000002164d25d120)
 - private final 'tid' 'J' @24  3 (0x0000000000000003)
 - 'threadLocalRandomSeed' 'J' @32  0 (0x0000000000000000)
 - injected 'jvmti_thread_state' 'J' @40  2294706944512 (0x0000021647313a00)
 - 'threadLocalRandomSecondarySeed' 'I' @48  0 (0x00000000)
 - injected 'jvmti_VTMS_transition_disable_count' 'I' @52  0 (0x00000000)
 - injected 'jfr_epoch' 'S' @56  0 (0x0000)
 - volatile 'interrupted' 'Z' @58  false (0x00)
 - injected 'jvmti_is_in_VTMS_transition' 'Z' @59  false (0x00)
 - private volatile 'name' 'Ljava/lang/String;' @60  "main"{0x0000000711116db0} (0xe2222db6)
 - private volatile 'contextClassLoader' 'Ljava/lang/ClassLoader;' @64  a 'jdk/internal/loader/ClassLoaders$AppClassLoader'{0x0000000711445600} (0xe2288ac0)
 - private final 'holder' 'Ljava/lang/Thread$FieldHolder;' @68  a 'java/lang/Thread$FieldHolder'{0x0000000711116de0} (0xe2222dbc)
 - 'threadLocals' 'Ljava/lang/ThreadLocal$ThreadLocalMap;' @72  a 'java/lang/ThreadLocal$ThreadLocalMap'{0x0000000711116e08} (0xe2222dc1)
 - 'inheritableThreadLocals' 'Ljava/lang/ThreadLocal$ThreadLocalMap;' @76  null (0x00000000)
 - private 'scopedValueBindings' 'Ljava/lang/Object;' @80  a 'java/lang/Class'{0x00000007ffe7c280} = 'java/lang/Thread' (0xfffcf850)
 - final 'interruptLock' 'Ljava/lang/Object;' @84  a 'java/lang/Object'{0x0000000711117150} (0xe2222e2a)
 - private volatile 'parkBlocker' 'Ljava/lang/Object;' @88  null (0x00000000)
 - private 'nioBlocker' 'Lsun/nio/ch/Interruptible;' @92  null (0x00000000)
 - private 'cont' 'Ljdk/internal/vm/Continuation;' @96  null (0x00000000)
 - private volatile 'uncaughtExceptionHandler' 'Ljava/lang/Thread$UncaughtExceptionHandler;' @100  null (0x00000000)
 - private 'container' 'Ljdk/internal/vm/ThreadContainer;' @104  null (0x00000000)
 - private volatile 'headStackableScopes' 'Ljdk/internal/vm/StackableScope;' @108  null (0x00000000)
R10=0x00007ffc5c989fc0 jvm.dll
R11=0x0000000000000004 is an unknown value
R12=0x0000008338efefe0 is pointing into the stack for thread: 0x000002166e93abf0
R13=0x00000216478d49a0 points into unknown readable memory: 0x00007ffc5c8fa510 | 10 a5 8f 5c fc 7f 00 00
R14=0x000002166e93afb8 points into unknown readable memory: 0x00007ffc5c8f17b0 | b0 17 8f 5c fc 7f 00 00
R15=0x000002166e93afb8 points into unknown readable memory: 0x00007ffc5c8f17b0 | b0 17 8f 5c fc 7f 00 00

Top of Stack: (sp=0x0000008338efee70)
0x0000008338efee70:   0000008338efefe0 00000216475e4f48   ...8....HO^G....
0x0000008338efee80:   0000000000000000 000002166e93b340   ........@..n....
0x0000008338efee90:   0000000000000032 00007ffc6d7934db   2........4ym....
0x0000008338efeea0:   0000000000000000 000002166e93afb8   ...........n....
0x0000008338efeeb0:   0000008338efef01 0000000000000000   ...8............
0x0000008338efeec0:   0000021647ce63b0 00007ffc6d792134   .c.G....4!ym....
0x0000008338efeed0:   0000000000000000 0000000000000032   ........2.......
0x0000008338efeee0:   0000000000000000 0000000000000032   ........2.......
0x0000008338efeef0:   0000000f00000002 000002164730ee50   ........P.0G....
0x0000008338efef00:   0000021647ce63b0 0000021647ce6478   .c.G....xd.G....
0x0000008338efef10:   0000021647ce64ac 0000000000000580   .d.G............
0x0000008338efef20:   0000000000000000 0000000000000000   ................
0x0000008338efef30:   0000000000000000 00007ffc5c1558e4   .........X.\....
0x0000008338efef40:   00007ffc6d8eae00 0000000000003144   ...m....D1......
0x0000008338efef50:   00007ffc6d8eae00 00000000ffffffff   ...m............
0x0000008338efef60:   0000000000000000 00007ffc6d7929aa   .........)ym....
0x0000008338efef70:   000002166e93afb8 0000000000000000   ...n............
0x0000008338efef80:   0000008338efefe9 00000216478d49a0   ...8.....I.G....
0x0000008338efef90:   0000000000000004 0000000000000048   ........H.......
0x0000008338efefa0:   0000000800800310 0000000000000020   ........ .......
0x0000008338efefb0:   000002166e93afb8 00007ffc6d8eae00   ...n.......m....
0x0000008338efefc0:   000002164d2e4650 0000021647313a00   PF.M.....:1G....
0x0000008338efefd0:   0000000800800390 000002166e93afb8   ...........n....
0x0000008338efefe0:   0000021647e79ff0 0000021647e7a630   ...G....0..G....
0x0000008338efeff0:   0000021647e7a630 00007ffc6d8eae00   0..G.......m....
0x0000008338eff000:   00000216485163b8 0000008338eff178   .cQH....x..8....
0x0000008338eff010:   0000008338eff2b0 0000000000008840   ...8....@.......
0x0000008338eff020:   0000008338eff490 00007ffc6d8eae50   ...8....P..m....
0x0000008338eff030:   0000000000989680 0000000000989680   ................
0x0000008338eff040:   0000008338eff150 00007ffc6d78d561   P..8....a.xm....
0x0000008338eff050:   00007ffc6d8eae00 00007ffc6d8eae58   ...m....X..m....
0x0000008338eff060:   00007ffc00000000 00007ffc00000001   ................

Instructions: (pc=0x00007ffc6d793004)
  0x00007ffc6d792f04:   cc cc cc cc cc cc cc cc cc cc cc cc cc cc cc cc
  0x00007ffc6d792f14:   cc cc cc cc cc cc cc cc cc cc cc cc cc cc cc cc
  0x00007ffc6d792f24:   cc cc cc cc cc cc cc cc cc cc cc cc cc cc cc cc
  0x00007ffc6d792f34:   cc cc cc cc cc cc cc cc cc cc cc cc cc cc cc cc
  0x00007ffc6d792f44:   cc cc cc cc cc cc cc cc cc cc cc cc cc cc cc cc
  0x00007ffc6d792f54:   cc cc cc cc cc cc cc cc cc cc cc cc cc cc cc cc
  0x00007ffc6d792f64:   cc cc cc cc cc cc cc cc cc cc cc cc cc cc cc cc
  0x00007ffc6d792f74:   cc cc cc cc cc cc cc cc cc cc cc cc cc cc cc cc
  0x00007ffc6d792f84:   cc cc cc cc cc cc cc cc cc cc cc cc 40 57 48 83
  0x00007ffc6d792f94:   ec 20 48 8b f9 48 8b 0d 30 80 15 00 48 85 c9 74
  0x00007ffc6d792fa4:   20 48 8b 01 48 8d 54 24 38 41 b8 06 00 01 00 4c
  0x00007ffc6d792fb4:   8b 48 30 41 ff d1 85 c0 75 07 48 8b 4c 24 38 eb
  0x00007ffc6d792fc4:   02 33 c9 4c 8b 05 0a 81 15 00 48 89 5c 24 30 4d
  0x00007ffc6d792fd4:   85 c0 74 4a 48 8b 01 48 8b d7 4c 8b 88 28 03 00
  0x00007ffc6d792fe4:   00 41 ff d1 48 85 c0 74 35 48 63 0d b8 3d 15 00
  0x00007ffc6d792ff4:   48 8b 14 01 48 85 d2 74 15 48 63 05 bc 3d 15 00
=>0x00007ffc6d793004:   8b 04 10 48 8b 5c 24 30 48 83 c4 20 5f c3 b8 ff
  0x00007ffc6d793014:   ff ff ff 48 8b 5c 24 30 48 83 c4 20 5f c3 80 3d
  0x00007ffc6d793024:   bb 7f 15 00 00 bb ff ff ff ff 74 20 4c 8b 0d 51
  0x00007ffc6d793034:   7c 15 00 4c 8d 44 24 38 48 8b 0d 35 7c 15 00 48
  0x00007ffc6d793044:   8b d7 41 ff d1 85 c0 0f 44 5c 24 38 8b c3 48 8b
  0x00007ffc6d793054:   5c 24 30 48 83 c4 20 5f c3 cc cc cc cc cc cc cc
  0x00007ffc6d793064:   cc cc cc cc cc cc cc cc cc cc cc cc cc cc cc cc
  0x00007ffc6d793074:   cc cc cc cc cc cc cc cc cc cc cc cc cc cc cc cc
  0x00007ffc6d793084:   cc cc cc cc cc cc cc cc cc cc cc cc 48 89 54 24
  0x00007ffc6d793094:   10 53 55 56 57 41 56 41 57 48 83 ec 28 48 8b f2
  0x00007ffc6d7930a4:   4c 8b f1 48 89 4c 24 78 45 33 ff 44 89 7c 24 68
  0x00007ffc6d7930b4:   c7 44 24 60 01 00 00 00 48 8d 4c 24 68 e8 69 3c
  0x00007ffc6d7930c4:   f7 ff 8b d8 48 8d 4c 24 60 e8 5d 3c f7 ff 8b e8
  0x00007ffc6d7930d4:   49 8b ce e8 33 f3 f6 ff 48 8b f8 90 8b c3 f0 0f
  0x00007ffc6d7930e4:   b1 2f 74 04 f3 90 eb f4 4c 89 3e 4c 89 7e 08 4c
  0x00007ffc6d7930f4:   89 7e 10 49 8b 6e 08 4d 8b 76 10 49 3b ee 0f 84


Stack slot to memory mapping:

stack at sp + 0 slots: 0x0000008338efefe0 is pointing into the stack for thread: 0x000002166e93abf0
stack at sp + 1 slots: 0x00000216475e4f48 points into unknown readable memory: 0x000000071143a660 | 60 a6 43 11 07 00 00 00
stack at sp + 2 slots: 0x0 is null
stack at sp + 3 slots: 0x000002166e93b340 points into unknown readable memory: 0x6e616c2e6176616a | 6a 61 76 61 2e 6c 61 6e
stack at sp + 4 slots: 0x0000000000000032 is an unknown value
stack at sp + 5 slots: 0x00007ffc6d7934db libasyncProfiler.dll
stack at sp + 6 slots: 0x0 is null
stack at sp + 7 slots: 0x000002166e93afb8 points into unknown readable memory: 0x00007ffc5c8f17b0 | b0 17 8f 5c fc 7f 00 00

Lock stack of current Java thread (top to bottom):


---------------  P R O C E S S  ---------------

Threads class SMR info:
_java_thread_list=0x0000021647307e30, length=28, elements={
0x000002164d25d120, 0x000002166e934420, 0x000002166e9358d0, 0x000002166e93a0c0,
0x000002166e93abf0, 0x000002166e93ce00, 0x000002166e93e200, 0x0000021645038350,
0x000002164504b840, 0x000002164513b9d0, 0x0000021645143a20, 0x0000021645158e80,
0x0000021645159a20, 0x0000021645938480, 0x0000021645938bc0, 0x0000021645dc6830,
0x0000021645e34840, 0x00000216461be6a0, 0x0000021645e92b90, 0x00000216461559a0,
0x0000021647ea90d0, 0x00000216477ea400, 0x0000021646765880, 0x0000021648ab3730,
0x0000021647d22010, 0x0000021647d22ca0, 0x00000216481440d0, 0x0000021646763b40
}

Java Threads: ( => current thread )
  0x000002164d25d120 JavaThread "main"                              [_thread_in_native, id=13540, stack(0x0000008338300000,0x0000008338400000) (1024K)]
  0x000002166e934420 JavaThread "Reference Handler"          daemon [_thread_blocked, id=12716, stack(0x0000008338b00000,0x0000008338c00000) (1024K)]
  0x000002166e9358d0 JavaThread "Finalizer"                  daemon [_thread_blocked, id=21580, stack(0x0000008338c00000,0x0000008338d00000) (1024K)]
  0x000002166e93a0c0 JavaThread "Signal Dispatcher"          daemon [_thread_blocked, id=22272, stack(0x0000008338d00000,0x0000008338e00000) (1024K)]
=>0x000002166e93abf0 JavaThread "Attach Listener"            daemon [_thread_in_native, id=6440, stack(0x0000008338e00000,0x0000008338f00000) (1024K)]
  0x000002166e93ce00 JavaThread "Service Thread"             daemon [_thread_blocked, id=19616, stack(0x0000008338f00000,0x0000008339000000) (1024K)]
  0x000002166e93e200 JavaThread "Monitor Deflation Thread"   daemon [_thread_blocked, id=21684, stack(0x0000008339000000,0x0000008339100000) (1024K)]
  0x0000021645038350 JavaThread "C2 CompilerThread0"         daemon [_thread_blocked, id=10788, stack(0x0000008339100000,0x0000008339200000) (1024K)]
  0x000002164504b840 JavaThread "C1 CompilerThread0"         daemon [_thread_blocked, id=20764, stack(0x0000008339200000,0x0000008339300000) (1024K)]
  0x000002164513b9d0 JavaThread "Common-Cleaner"             daemon [_thread_blocked, id=20572, stack(0x0000008339300000,0x0000008339400000) (1024K)]
  0x0000021645143a20 JavaThread "C1 CompilerThread1"         daemon [_thread_blocked, id=18448, stack(0x0000008339400000,0x0000008339500000) (1024K)]
  0x0000021645158e80 JavaThread "C1 CompilerThread2"         daemon [_thread_blocked, id=13080, stack(0x0000008339500000,0x0000008339600000) (1024K)]
  0x0000021645159a20 JavaThread "C1 CompilerThread3"         daemon [_thread_blocked, id=20744, stack(0x0000008339600000,0x0000008339700000) (1024K)]
  0x0000021645938480 JavaThread "Monitor Ctrl-Break"         daemon [_thread_in_native, id=10964, stack(0x0000008339900000,0x0000008339a00000) (1024K)]
  0x0000021645938bc0 JavaThread "Notification Thread"        daemon [_thread_blocked, id=6516, stack(0x0000008339a00000,0x0000008339b00000) (1024K)]
  0x0000021645dc6830 JavaThread "mysql-cj-abandoned-connection-cleanup" daemon [_thread_blocked, id=4400, stack(0x0000008339b00000,0x0000008339c00000) (1024K)]
  0x0000021645e34840 JavaThread "RMI TCP Accept-0"           daemon [_thread_in_native, id=15852, stack(0x000000833a100000,0x000000833a200000) (1024K)]
  0x00000216461be6a0 JavaThread "RMI TCP Connection(1)-192.168.1.94" daemon [_thread_in_native, id=11052, stack(0x000000833a200000,0x000000833a300000) (1024K)]
  0x0000021645e92b90 JavaThread "RMI Scheduler(0)"           daemon [_thread_blocked, id=21652, stack(0x000000833a300000,0x000000833a400000) (1024K)]
  0x00000216461559a0 JavaThread "JMX server connection timeout 41" daemon [_thread_blocked, id=19528, stack(0x000000833a400000,0x000000833a500000) (1024K)]
  0x0000021647ea90d0 JavaThread "C2 CompilerThread1"         daemon [_thread_blocked, id=17440, stack(0x0000008339700000,0x0000008339800000) (1024K)]
  0x00000216477ea400 JavaThread "C2 CompilerThread2"         daemon [_thread_blocked, id=3260, stack(0x000000833aa00000,0x000000833ab00000) (1024K)]
  0x0000021646765880 JavaThread "JFR Recorder Thread"        daemon [_thread_in_native, id=10272, stack(0x000000833ab00000,0x000000833ac00000) (1024K)]
  0x0000021648ab3730 JavaThread "C2 CompilerThread3"         daemon [_thread_blocked, id=18116, stack(0x000000833ac00000,0x000000833ad00000) (1024K)]
  0x0000021647d22010 JavaThread "C2 CompilerThread4"         daemon [_thread_blocked, id=14808, stack(0x000000833ad00000,0x000000833ae00000) (1024K)]
  0x0000021647d22ca0 JavaThread "C2 CompilerThread5"         daemon [_thread_blocked, id=2188, stack(0x000000833ae00000,0x000000833af00000) (1024K)]
  0x00000216481440d0 JavaThread "C2 CompilerThread6"         daemon [_thread_in_native, id=7268, stack(0x000000833af00000,0x000000833b000000) (1024K)]
  0x0000021646763b40 JavaThread "JFR Periodic Tasks"         daemon [_thread_blocked, id=1408, stack(0x000000833b000000,0x000000833b100000) (1024K)]
Total: 28

Other Threads:
  0x000002166e91ff80 VMThread "VM Thread"                           [id=6724, stack(0x0000008338a00000,0x0000008338b00000) (1024K)]
  0x000002166e7dcf20 WatcherThread "VM Periodic Task Thread"        [id=3720, stack(0x0000008338900000,0x0000008338a00000) (1024K)]
  0x000002164d2c19e0 WorkerThread "GC Thread#0"                     [id=21756, stack(0x0000008338400000,0x0000008338500000) (1024K)]
  0x0000021645e646e0 WorkerThread "GC Thread#1"                     [id=14308, stack(0x0000008339800000,0x0000008339900000) (1024K)]
  0x0000021645e62d10 WorkerThread "GC Thread#2"                     [id=20228, stack(0x0000008339c00000,0x0000008339d00000) (1024K)]
  0x0000021645e60f90 WorkerThread "GC Thread#3"                     [id=11412, stack(0x0000008339d00000,0x0000008339e00000) (1024K)]
  0x0000021645e616f0 WorkerThread "GC Thread#4"                     [id=15584, stack(0x0000008339e00000,0x0000008339f00000) (1024K)]
  0x0000021645e64330 WorkerThread "GC Thread#5"                     [id=21640, stack(0x0000008339f00000,0x000000833a000000) (1024K)]
  0x0000021645e61aa0 WorkerThread "GC Thread#6"                     [id=11676, stack(0x000000833a000000,0x000000833a100000) (1024K)]
  0x0000021645e62960 WorkerThread "GC Thread#7"                     [id=21032, stack(0x000000833a500000,0x000000833a600000) (1024K)]
  0x0000021645e63470 WorkerThread "GC Thread#8"                     [id=14748, stack(0x000000833a600000,0x000000833a700000) (1024K)]
  0x0000021645e61e50 WorkerThread "GC Thread#9"                     [id=15900, stack(0x000000833a700000,0x000000833a800000) (1024K)]
  0x0000021645e63820 WorkerThread "GC Thread#10"                    [id=18500, stack(0x000000833a800000,0x000000833a900000) (1024K)]
  0x0000021645e63bd0 WorkerThread "GC Thread#11"                    [id=22444, stack(0x000000833a900000,0x000000833aa00000) (1024K)]
  0x000002164d2d6980 ConcurrentGCThread "G1 Main Marker"            [id=4312, stack(0x0000008338500000,0x0000008338600000) (1024K)]
  0x000002164cffeb20 WorkerThread "G1 Conc#0"                       [id=10332, stack(0x0000008338600000,0x0000008338700000) (1024K)]
  0x000002164d30e020 ConcurrentGCThread "G1 Refine#0"               [id=15040, stack(0x0000008338700000,0x0000008338800000) (1024K)]
  0x000002164d30e850 ConcurrentGCThread "G1 Service"                [id=2296, stack(0x0000008338800000,0x0000008338900000) (1024K)]
Total: 18

Threads with active compile tasks:
C2 CompilerThread6  4468 3646       4       jdk.jfr.internal.MetadataWriter::write (168 bytes)
Total: 1

VM state: not at safepoint (normal execution)

VM Mutex/Monitor currently owned by a thread: None

Heap address: 0x0000000704a00000, size: 4022 MB, Compressed Oops mode: Zero based, Oop shift amount: 3

CDS archive(s) mapped at: [0x0000021600000000-0x0000021600d40000-0x0000021600d40000), size 13893632, SharedBaseAddress: 0x0000021600000000, ArchiveRelocationMode: 1.
Compressed class space mapped at: 0x0000021601000000-0x0000021641000000, reserved size: 1073741824
UseCompressedClassPointers 1, UseCompactObjectHeaders 0
Narrow klass pointer bits 32, Max shift 3
Narrow klass base: 0x0000021600000000, Narrow klass shift: 0
Encoding Range: [0x0000021600000000 - 0x0000021700000000), (4294967296 bytes)
Klass Range:    [0x0000021600000000 - 0x0000021641000000), (1090519040 bytes)
Klass ID Range:  [8 - 1090519033) (1090519025)

GC Precious Log:
 CardTable entry size: 512
 Card Set container configuration: InlinePtr #cards 4 size 8 Array Of Cards #cards 16 size 48 Howl #buckets 8 coarsen threshold 3686 Howl Bitmap #cards 512 size 80 coarsen threshold 460 Card regions per heap region 1 cards per card region 4096
 CPUs: 16 total, 16 available
 Memory: 16087M
 Large Page Support: Disabled
 NUMA Support: Disabled
 Compressed Oops: Enabled (Zero based)
 Heap Region Size: 2M
 Heap Min Capacity: 8M
 Heap Initial Capacity: 252M
 Heap Max Capacity: 4022M
 Pre-touch: Disabled
 Parallel Workers: 13
 Concurrent Workers: 3
 Concurrent Refinement Workers: 13
 Periodic GC: Disabled

Heap:
 garbage-first heap   total reserved 4118528K, committed 260096K, used 56768K [0x0000000704a00000, 0x0000000800000000)
  region size 2048K, 27 young (55296K), 3 survivors (6144K)
 Metaspace       used 16426K, committed 16768K, reserved 1114112K
  class space    used 1508K, committed 1664K, reserved 1048576K

Heap Regions: E=young(eden), S=young(survivor), O=old, HS=humongous(starts), HC=humongous(continues), CS=collection set, F=free, TAMS=top-at-mark-start, PB=parsable bottom
|   0|0x0000000704a00000, 0x0000000704c00000, 0x0000000704c00000|100%| O|  |TAMS 0x0000000704a00000| PB 0x0000000704a00000| Untracked |  0
|   1|0x0000000704c00000, 0x0000000704e00000, 0x0000000704e00000|100%| O|  |TAMS 0x0000000704c00000| PB 0x0000000704c00000| Untracked |  0
|   2|0x0000000704e00000, 0x0000000704e53ff0, 0x0000000705000000| 16%| O|  |TAMS 0x0000000704e00000| PB 0x0000000704e00000| Untracked |  0
|   3|0x0000000705000000, 0x0000000705000000, 0x0000000705200000|  0%| F|  |TAMS 0x0000000705000000| PB 0x0000000705000000| Untracked |  0
|   4|0x0000000705200000, 0x0000000705200000, 0x0000000705400000|  0%| F|  |TAMS 0x0000000705200000| PB 0x0000000705200000| Untracked |  0
|   5|0x0000000705400000, 0x0000000705400000, 0x0000000705600000|  0%| F|  |TAMS 0x0000000705400000| PB 0x0000000705400000| Untracked |  0
|   6|0x0000000705600000, 0x0000000705600000, 0x0000000705800000|  0%| F|  |TAMS 0x0000000705600000| PB 0x0000000705600000| Untracked |  0
|   7|0x0000000705800000, 0x0000000705800000, 0x0000000705a00000|  0%| F|  |TAMS 0x0000000705800000| PB 0x0000000705800000| Untracked |  0
|   8|0x0000000705a00000, 0x0000000705a00000, 0x0000000705c00000|  0%| F|  |TAMS 0x0000000705a00000| PB 0x0000000705a00000| Untracked |  0
|   9|0x0000000705c00000, 0x0000000705c00000, 0x0000000705e00000|  0%| F|  |TAMS 0x0000000705c00000| PB 0x0000000705c00000| Untracked |  0
|  10|0x0000000705e00000, 0x0000000705e00000, 0x0000000706000000|  0%| F|  |TAMS 0x0000000705e00000| PB 0x0000000705e00000| Untracked |  0
|  11|0x0000000706000000, 0x0000000706000000, 0x0000000706200000|  0%| F|  |TAMS 0x0000000706000000| PB 0x0000000706000000| Untracked |  0
|  12|0x0000000706200000, 0x0000000706200000, 0x0000000706400000|  0%| F|  |TAMS 0x0000000706200000| PB 0x0000000706200000| Untracked |  0
|  13|0x0000000706400000, 0x0000000706400000, 0x0000000706600000|  0%| F|  |TAMS 0x0000000706400000| PB 0x0000000706400000| Untracked |  0
|  14|0x0000000706600000, 0x0000000706600000, 0x0000000706800000|  0%| F|  |TAMS 0x0000000706600000| PB 0x0000000706600000| Untracked |  0
|  15|0x0000000706800000, 0x0000000706800000, 0x0000000706a00000|  0%| F|  |TAMS 0x0000000706800000| PB 0x0000000706800000| Untracked |  0
|  16|0x0000000706a00000, 0x0000000706a00000, 0x0000000706c00000|  0%| F|  |TAMS 0x0000000706a00000| PB 0x0000000706a00000| Untracked |  0
|  17|0x0000000706c00000, 0x0000000706c00000, 0x0000000706e00000|  0%| F|  |TAMS 0x0000000706c00000| PB 0x0000000706c00000| Untracked |  0
|  18|0x0000000706e00000, 0x0000000706e00000, 0x0000000707000000|  0%| F|  |TAMS 0x0000000706e00000| PB 0x0000000706e00000| Untracked |  0
|  19|0x0000000707000000, 0x0000000707000000, 0x0000000707200000|  0%| F|  |TAMS 0x0000000707000000| PB 0x0000000707000000| Untracked |  0
|  20|0x0000000707200000, 0x0000000707200000, 0x0000000707400000|  0%| F|  |TAMS 0x0000000707200000| PB 0x0000000707200000| Untracked |  0
|  21|0x0000000707400000, 0x0000000707400000, 0x0000000707600000|  0%| F|  |TAMS 0x0000000707400000| PB 0x0000000707400000| Untracked |  0
|  22|0x0000000707600000, 0x0000000707600000, 0x0000000707800000|  0%| F|  |TAMS 0x0000000707600000| PB 0x0000000707600000| Untracked |  0
|  23|0x0000000707800000, 0x0000000707800000, 0x0000000707a00000|  0%| F|  |TAMS 0x0000000707800000| PB 0x0000000707800000| Untracked |  0
|  24|0x0000000707a00000, 0x0000000707a00000, 0x0000000707c00000|  0%| F|  |TAMS 0x0000000707a00000| PB 0x0000000707a00000| Untracked |  0
|  25|0x0000000707c00000, 0x0000000707c00000, 0x0000000707e00000|  0%| F|  |TAMS 0x0000000707c00000| PB 0x0000000707c00000| Untracked |  0
|  26|0x0000000707e00000, 0x0000000707e00000, 0x0000000708000000|  0%| F|  |TAMS 0x0000000707e00000| PB 0x0000000707e00000| Untracked |  0
|  27|0x0000000708000000, 0x0000000708000000, 0x0000000708200000|  0%| F|  |TAMS 0x0000000708000000| PB 0x0000000708000000| Untracked |  0
|  28|0x0000000708200000, 0x0000000708200000, 0x0000000708400000|  0%| F|  |TAMS 0x0000000708200000| PB 0x0000000708200000| Untracked |  0
|  29|0x0000000708400000, 0x0000000708400000, 0x0000000708600000|  0%| F|  |TAMS 0x0000000708400000| PB 0x0000000708400000| Untracked |  0
|  30|0x0000000708600000, 0x0000000708600000, 0x0000000708800000|  0%| F|  |TAMS 0x0000000708600000| PB 0x0000000708600000| Untracked |  0
|  31|0x0000000708800000, 0x0000000708800000, 0x0000000708a00000|  0%| F|  |TAMS 0x0000000708800000| PB 0x0000000708800000| Untracked |  0
|  32|0x0000000708a00000, 0x0000000708a00000, 0x0000000708c00000|  0%| F|  |TAMS 0x0000000708a00000| PB 0x0000000708a00000| Untracked |  0
|  33|0x0000000708c00000, 0x0000000708c00000, 0x0000000708e00000|  0%| F|  |TAMS 0x0000000708c00000| PB 0x0000000708c00000| Untracked |  0
|  34|0x0000000708e00000, 0x0000000708e00000, 0x0000000709000000|  0%| F|  |TAMS 0x0000000708e00000| PB 0x0000000708e00000| Untracked |  0
|  35|0x0000000709000000, 0x0000000709000000, 0x0000000709200000|  0%| F|  |TAMS 0x0000000709000000| PB 0x0000000709000000| Untracked |  0
|  36|0x0000000709200000, 0x0000000709200000, 0x0000000709400000|  0%| F|  |TAMS 0x0000000709200000| PB 0x0000000709200000| Untracked |  0
|  37|0x0000000709400000, 0x0000000709400000, 0x0000000709600000|  0%| F|  |TAMS 0x0000000709400000| PB 0x0000000709400000| Untracked |  0
|  38|0x0000000709600000, 0x0000000709600000, 0x0000000709800000|  0%| F|  |TAMS 0x0000000709600000| PB 0x0000000709600000| Untracked |  0
|  39|0x0000000709800000, 0x0000000709800000, 0x0000000709a00000|  0%| F|  |TAMS 0x0000000709800000| PB 0x0000000709800000| Untracked |  0
|  40|0x0000000709a00000, 0x0000000709a00000, 0x0000000709c00000|  0%| F|  |TAMS 0x0000000709a00000| PB 0x0000000709a00000| Untracked |  0
|  41|0x0000000709c00000, 0x0000000709c00000, 0x0000000709e00000|  0%| F|  |TAMS 0x0000000709c00000| PB 0x0000000709c00000| Untracked |  0
|  42|0x0000000709e00000, 0x0000000709e00000, 0x000000070a000000|  0%| F|  |TAMS 0x0000000709e00000| PB 0x0000000709e00000| Untracked |  0
|  43|0x000000070a000000, 0x000000070a000000, 0x000000070a200000|  0%| F|  |TAMS 0x000000070a000000| PB 0x000000070a000000| Untracked |  0
|  44|0x000000070a200000, 0x000000070a200000, 0x000000070a400000|  0%| F|  |TAMS 0x000000070a200000| PB 0x000000070a200000| Untracked |  0
|  45|0x000000070a400000, 0x000000070a400000, 0x000000070a600000|  0%| F|  |TAMS 0x000000070a400000| PB 0x000000070a400000| Untracked |  0
|  46|0x000000070a600000, 0x000000070a600000, 0x000000070a800000|  0%| F|  |TAMS 0x000000070a600000| PB 0x000000070a600000| Untracked |  0
|  47|0x000000070a800000, 0x000000070a800000, 0x000000070aa00000|  0%| F|  |TAMS 0x000000070a800000| PB 0x000000070a800000| Untracked |  0
|  48|0x000000070aa00000, 0x000000070aa00000, 0x000000070ac00000|  0%| F|  |TAMS 0x000000070aa00000| PB 0x000000070aa00000| Untracked |  0
|  49|0x000000070ac00000, 0x000000070ac00000, 0x000000070ae00000|  0%| F|  |TAMS 0x000000070ac00000| PB 0x000000070ac00000| Untracked |  0
|  50|0x000000070ae00000, 0x000000070ae00000, 0x000000070b000000|  0%| F|  |TAMS 0x000000070ae00000| PB 0x000000070ae00000| Untracked |  0
|  51|0x000000070b000000, 0x000000070b000000, 0x000000070b200000|  0%| F|  |TAMS 0x000000070b000000| PB 0x000000070b000000| Untracked |  0
|  52|0x000000070b200000, 0x000000070b200000, 0x000000070b400000|  0%| F|  |TAMS 0x000000070b200000| PB 0x000000070b200000| Untracked |  0
|  53|0x000000070b400000, 0x000000070b400000, 0x000000070b600000|  0%| F|  |TAMS 0x000000070b400000| PB 0x000000070b400000| Untracked |  0
|  54|0x000000070b600000, 0x000000070b600000, 0x000000070b800000|  0%| F|  |TAMS 0x000000070b600000| PB 0x000000070b600000| Untracked |  0
|  55|0x000000070b800000, 0x000000070b800000, 0x000000070ba00000|  0%| F|  |TAMS 0x000000070b800000| PB 0x000000070b800000| Untracked |  0
|  56|0x000000070ba00000, 0x000000070ba00000, 0x000000070bc00000|  0%| F|  |TAMS 0x000000070ba00000| PB 0x000000070ba00000| Untracked |  0
|  57|0x000000070bc00000, 0x000000070bc00000, 0x000000070be00000|  0%| F|  |TAMS 0x000000070bc00000| PB 0x000000070bc00000| Untracked |  0
|  58|0x000000070be00000, 0x000000070be00000, 0x000000070c000000|  0%| F|  |TAMS 0x000000070be00000| PB 0x000000070be00000| Untracked |  0
|  59|0x000000070c000000, 0x000000070c000000, 0x000000070c200000|  0%| F|  |TAMS 0x000000070c000000| PB 0x000000070c000000| Untracked |  0
|  60|0x000000070c200000, 0x000000070c200000, 0x000000070c400000|  0%| F|  |TAMS 0x000000070c200000| PB 0x000000070c200000| Untracked |  0
|  61|0x000000070c400000, 0x000000070c400000, 0x000000070c600000|  0%| F|  |TAMS 0x000000070c400000| PB 0x000000070c400000| Untracked |  0
|  62|0x000000070c600000, 0x000000070c600000, 0x000000070c800000|  0%| F|  |TAMS 0x000000070c600000| PB 0x000000070c600000| Untracked |  0
|  63|0x000000070c800000, 0x000000070c800000, 0x000000070ca00000|  0%| F|  |TAMS 0x000000070c800000| PB 0x000000070c800000| Untracked |  0
|  64|0x000000070ca00000, 0x000000070ca00000, 0x000000070cc00000|  0%| F|  |TAMS 0x000000070ca00000| PB 0x000000070ca00000| Untracked |  0
|  65|0x000000070cc00000, 0x000000070cc00000, 0x000000070ce00000|  0%| F|  |TAMS 0x000000070cc00000| PB 0x000000070cc00000| Untracked |  0
|  66|0x000000070ce00000, 0x000000070ce00000, 0x000000070d000000|  0%| F|  |TAMS 0x000000070ce00000| PB 0x000000070ce00000| Untracked |  0
|  67|0x000000070d000000, 0x000000070d000000, 0x000000070d200000|  0%| F|  |TAMS 0x000000070d000000| PB 0x000000070d000000| Untracked |  0
|  68|0x000000070d200000, 0x000000070d200000, 0x000000070d400000|  0%| F|  |TAMS 0x000000070d200000| PB 0x000000070d200000| Untracked |  0
|  69|0x000000070d400000, 0x000000070d400000, 0x000000070d600000|  0%| F|  |TAMS 0x000000070d400000| PB 0x000000070d400000| Untracked |  0
|  70|0x000000070d600000, 0x000000070d600000, 0x000000070d800000|  0%| F|  |TAMS 0x000000070d600000| PB 0x000000070d600000| Untracked |  0
|  71|0x000000070d800000, 0x000000070d800000, 0x000000070da00000|  0%| F|  |TAMS 0x000000070d800000| PB 0x000000070d800000| Untracked |  0
|  72|0x000000070da00000, 0x000000070da00000, 0x000000070dc00000|  0%| F|  |TAMS 0x000000070da00000| PB 0x000000070da00000| Untracked |  0
|  73|0x000000070dc00000, 0x000000070dc00000, 0x000000070de00000|  0%| F|  |TAMS 0x000000070dc00000| PB 0x000000070dc00000| Untracked |  0
|  74|0x000000070de00000, 0x000000070de00000, 0x000000070e000000|  0%| F|  |TAMS 0x000000070de00000| PB 0x000000070de00000| Untracked |  0
|  75|0x000000070e000000, 0x000000070e000000, 0x000000070e200000|  0%| F|  |TAMS 0x000000070e000000| PB 0x000000070e000000| Untracked |  0
|  76|0x000000070e200000, 0x000000070e200000, 0x000000070e400000|  0%| F|  |TAMS 0x000000070e200000| PB 0x000000070e200000| Untracked |  0
|  77|0x000000070e400000, 0x000000070e400000, 0x000000070e600000|  0%| F|  |TAMS 0x000000070e400000| PB 0x000000070e400000| Untracked |  0
|  78|0x000000070e600000, 0x000000070e600000, 0x000000070e800000|  0%| F|  |TAMS 0x000000070e600000| PB 0x000000070e600000| Untracked |  0
|  79|0x000000070e800000, 0x000000070e800000, 0x000000070ea00000|  0%| F|  |TAMS 0x000000070e800000| PB 0x000000070e800000| Untracked |  0
|  80|0x000000070ea00000, 0x000000070ea00000, 0x000000070ec00000|  0%| F|  |TAMS 0x000000070ea00000| PB 0x000000070ea00000| Untracked |  0
|  81|0x000000070ec00000, 0x000000070ec00000, 0x000000070ee00000|  0%| F|  |TAMS 0x000000070ec00000| PB 0x000000070ec00000| Untracked |  0
|  82|0x000000070ee00000, 0x000000070ee00000, 0x000000070f000000|  0%| F|  |TAMS 0x000000070ee00000| PB 0x000000070ee00000| Untracked |  0
|  83|0x000000070f000000, 0x000000070f000000, 0x000000070f200000|  0%| F|  |TAMS 0x000000070f000000| PB 0x000000070f000000| Untracked |  0
|  84|0x000000070f200000, 0x000000070f200000, 0x000000070f400000|  0%| F|  |TAMS 0x000000070f200000| PB 0x000000070f200000| Untracked |  0
|  85|0x000000070f400000, 0x000000070f400000, 0x000000070f600000|  0%| F|  |TAMS 0x000000070f400000| PB 0x000000070f400000| Untracked |  0
|  86|0x000000070f600000, 0x000000070f600000, 0x000000070f800000|  0%| F|  |TAMS 0x000000070f600000| PB 0x000000070f600000| Untracked |  0
|  87|0x000000070f800000, 0x000000070f800000, 0x000000070fa00000|  0%| F|  |TAMS 0x000000070f800000| PB 0x000000070f800000| Untracked |  0
|  88|0x000000070fa00000, 0x000000070fa00000, 0x000000070fc00000|  0%| F|  |TAMS 0x000000070fa00000| PB 0x000000070fa00000| Untracked |  0
|  89|0x000000070fc00000, 0x000000070fc00000, 0x000000070fe00000|  0%| F|  |TAMS 0x000000070fc00000| PB 0x000000070fc00000| Untracked |  0
|  90|0x000000070fe00000, 0x000000070fe00000, 0x0000000710000000|  0%| F|  |TAMS 0x000000070fe00000| PB 0x000000070fe00000| Untracked |  0
|  91|0x0000000710000000, 0x0000000710000000, 0x0000000710200000|  0%| F|  |TAMS 0x0000000710000000| PB 0x0000000710000000| Untracked |  0
|  92|0x0000000710200000, 0x0000000710200000, 0x0000000710400000|  0%| F|  |TAMS 0x0000000710200000| PB 0x0000000710200000| Untracked |  0
|  93|0x0000000710400000, 0x0000000710400000, 0x0000000710600000|  0%| F|  |TAMS 0x0000000710400000| PB 0x0000000710400000| Untracked |  0
|  94|0x0000000710600000, 0x0000000710600000, 0x0000000710800000|  0%| F|  |TAMS 0x0000000710600000| PB 0x0000000710600000| Untracked |  0
|  95|0x0000000710800000, 0x0000000710800000, 0x0000000710a00000|  0%| F|  |TAMS 0x0000000710800000| PB 0x0000000710800000| Untracked |  0
|  96|0x0000000710a00000, 0x0000000710a00000, 0x0000000710c00000|  0%| F|  |TAMS 0x0000000710a00000| PB 0x0000000710a00000| Untracked |  0
|  97|0x0000000710c00000, 0x0000000710c00000, 0x0000000710e00000|  0%| F|  |TAMS 0x0000000710c00000| PB 0x0000000710c00000| Untracked |  0
|  98|0x0000000710e00000, 0x0000000710e00000, 0x0000000711000000|  0%| F|  |TAMS 0x0000000710e00000| PB 0x0000000710e00000| Untracked |  0
|  99|0x0000000711000000, 0x0000000711200000, 0x0000000711200000|100%| S|CS|TAMS 0x0000000711000000| PB 0x0000000711000000| Complete |  0
| 100|0x0000000711200000, 0x0000000711400000, 0x0000000711400000|100%| S|CS|TAMS 0x0000000711200000| PB 0x0000000711200000| Complete |  0
| 101|0x0000000711400000, 0x0000000711600000, 0x0000000711600000|100%| S|CS|TAMS 0x0000000711400000| PB 0x0000000711400000| Complete |  0
| 102|0x0000000711600000, 0x00000007116a4c98, 0x0000000711800000| 32%| E|  |TAMS 0x0000000711600000| PB 0x0000000711600000| Complete |  0
| 103|0x0000000711800000, 0x0000000711a00000, 0x0000000711a00000|100%| E|  |TAMS 0x0000000711800000| PB 0x0000000711800000| Complete |  0
| 104|0x0000000711a00000, 0x0000000711c00000, 0x0000000711c00000|100%| E|CS|TAMS 0x0000000711a00000| PB 0x0000000711a00000| Complete |  0
| 105|0x0000000711c00000, 0x0000000711e00000, 0x0000000711e00000|100%| E|CS|TAMS 0x0000000711c00000| PB 0x0000000711c00000| Complete |  0
| 106|0x0000000711e00000, 0x0000000712000000, 0x0000000712000000|100%| E|CS|TAMS 0x0000000711e00000| PB 0x0000000711e00000| Complete |  0
| 107|0x0000000712000000, 0x0000000712200000, 0x0000000712200000|100%| E|CS|TAMS 0x0000000712000000| PB 0x0000000712000000| Complete |  0
| 108|0x0000000712200000, 0x0000000712400000, 0x0000000712400000|100%| E|CS|TAMS 0x0000000712200000| PB 0x0000000712200000| Complete |  0
| 109|0x0000000712400000, 0x0000000712600000, 0x0000000712600000|100%| E|CS|TAMS 0x0000000712400000| PB 0x0000000712400000| Complete |  0
| 110|0x0000000712600000, 0x0000000712800000, 0x0000000712800000|100%| E|CS|TAMS 0x0000000712600000| PB 0x0000000712600000| Complete |  0
| 111|0x0000000712800000, 0x0000000712a00000, 0x0000000712a00000|100%| E|CS|TAMS 0x0000000712800000| PB 0x0000000712800000| Complete |  0
| 112|0x0000000712a00000, 0x0000000712c00000, 0x0000000712c00000|100%| E|CS|TAMS 0x0000000712a00000| PB 0x0000000712a00000| Complete |  0
| 113|0x0000000712c00000, 0x0000000712e00000, 0x0000000712e00000|100%| E|CS|TAMS 0x0000000712c00000| PB 0x0000000712c00000| Complete |  0
| 114|0x0000000712e00000, 0x0000000713000000, 0x0000000713000000|100%| E|CS|TAMS 0x0000000712e00000| PB 0x0000000712e00000| Complete |  0
| 115|0x0000000713000000, 0x0000000713200000, 0x0000000713200000|100%| E|CS|TAMS 0x0000000713000000| PB 0x0000000713000000| Complete |  0
| 116|0x0000000713200000, 0x0000000713400000, 0x0000000713400000|100%| E|CS|TAMS 0x0000000713200000| PB 0x0000000713200000| Complete |  0
| 117|0x0000000713400000, 0x0000000713600000, 0x0000000713600000|100%| E|CS|TAMS 0x0000000713400000| PB 0x0000000713400000| Complete |  0
| 118|0x0000000713600000, 0x0000000713800000, 0x0000000713800000|100%| E|CS|TAMS 0x0000000713600000| PB 0x0000000713600000| Complete |  0
| 119|0x0000000713800000, 0x0000000713a00000, 0x0000000713a00000|100%| E|CS|TAMS 0x0000000713800000| PB 0x0000000713800000| Complete |  0
| 120|0x0000000713a00000, 0x0000000713c00000, 0x0000000713c00000|100%| E|CS|TAMS 0x0000000713a00000| PB 0x0000000713a00000| Complete |  0
| 121|0x0000000713c00000, 0x0000000713e00000, 0x0000000713e00000|100%| E|CS|TAMS 0x0000000713c00000| PB 0x0000000713c00000| Complete |  0
| 122|0x0000000713e00000, 0x0000000714000000, 0x0000000714000000|100%| E|CS|TAMS 0x0000000713e00000| PB 0x0000000713e00000| Complete |  0
| 123|0x0000000714000000, 0x0000000714200000, 0x0000000714200000|100%| E|CS|TAMS 0x0000000714000000| PB 0x0000000714000000| Complete |  0
| 124|0x0000000714200000, 0x0000000714400000, 0x0000000714400000|100%| E|CS|TAMS 0x0000000714200000| PB 0x0000000714200000| Complete |  0
| 125|0x0000000714400000, 0x0000000714600000, 0x0000000714600000|100%| E|CS|TAMS 0x0000000714400000| PB 0x0000000714400000| Complete |  0
|2010|0x00000007ffe00000, 0x00000007fff1c348, 0x0000000800000000| 55%| O|  |TAMS 0x00000007ffe00000| PB 0x00000007ffe00000| Untracked |  0

Card table byte_map: [0x0000021667d90000,0x0000021668570000] _byte_map_base: 0x000002166456b000

Marking Bits: (CMBitMap*) 0x000002164cffe070
 Bits: [0x0000021668570000, 0x000002166c448000)

Polling page: 0x000002164ebe0000

Metaspace:

Usage:
  Non-class:     14.57 MB used.
      Class:      1.47 MB used.
       Both:     16.04 MB used.

Virtual space:
  Non-class space:       64.00 MB reserved,      14.75 MB ( 23%) committed,  1 nodes.
      Class space:        1.00 GB reserved,       1.62 MB ( <1%) committed,  1 nodes.
             Both:        1.06 GB reserved,      16.38 MB (  2%) committed. 

Chunk freelists:
   Non-Class:  1002.00 KB
       Class:  14.24 MB
        Both:  15.22 MB

MaxMetaspaceSize: unlimited
CompressedClassSpaceSize: 1.00 GB
Initial GC threshold: 21.00 MB
Current GC threshold: 21.00 MB
CDS: on
 - commit_granule_bytes: 65536.
 - commit_granule_words: 8192.
 - virtual_space_node_default_size: 8388608.
 - enlarge_chunks_in_place: 1.
UseCompressedClassPointers 1, UseCompactObjectHeaders 0
Narrow klass pointer bits 32, Max shift 3
Narrow klass base: 0x0000021600000000, Narrow klass shift: 0
Encoding Range: [0x0000021600000000 - 0x0000021700000000), (4294967296 bytes)
Klass Range:    [0x0000021600000000 - 0x0000021641000000), (1090519040 bytes)
Klass ID Range:  [8 - 1090519033) (1090519025)


Internal statistics:

num_allocs_failed_limit: 0.
num_arena_births: 214.
num_arena_deaths: 0.
num_vsnodes_births: 2.
num_vsnodes_deaths: 0.
num_space_committed: 262.
num_space_uncommitted: 0.
num_chunks_returned_to_freelist: 0.
num_chunks_taken_from_freelist: 434.
num_chunk_merges: 0.
num_chunk_splits: 262.
num_chunks_enlarged: 149.
num_inconsistent_stats: 0.

CodeHeap 'non-profiled nmethods': size=119232Kb used=1387Kb max_used=1387Kb free=117844Kb
 bounds [0x000002165f180000, 0x000002165f3f0000, 0x00000216665f0000]
CodeHeap 'profiled nmethods': size=119104Kb used=6125Kb max_used=6125Kb free=112979Kb
 bounds [0x00000216575f0000, 0x0000021657bf0000, 0x000002165ea40000]
CodeHeap 'non-nmethods': size=7424Kb used=3131Kb max_used=3258Kb free=4292Kb
 bounds [0x000002165ea40000, 0x000002165ed90000, 0x000002165f180000]
CodeCache: size=245760Kb, used=10643Kb, max_used=10770Kb, free=235115Kb
 total_blobs=4286, nmethods=3681, adapters=507, full_count=0
Compilation: enabled, stopped_count=0, restarted_count=0

Compilation events (20 events):
Event: 4.351 Thread 0x0000021647d22ca0 nmethod 3648 0x000002165f2d3388 code [0x000002165f2d34a0, 0x000002165f2d3588]
Event: 4.351 Thread 0x0000021645143a20 3673   !   3       jdk.jfr.internal.Control::setValue (102 bytes)
Event: 4.352 Thread 0x000002164504b840 nmethod 3670 0x000002165f2d3688 code [0x000002165f2d3780, 0x000002165f2d3848]
Event: 4.352 Thread 0x0000021648ab3730 3656       4       java.util.LinkedHashMap::newNode (23 bytes)
Event: 4.352 Thread 0x0000021647d22010 nmethod 3645 0x000002165f2d3988 code [0x000002165f2d3ae0, 0x000002165f2d40b0]
Event: 4.352 Thread 0x0000021647d22ca0 3657       4       java.util.LinkedHashMap$Entry::<init> (10 bytes)
Event: 4.352 Thread 0x000002164504b840 3674       1       jdk.jfr.internal.periodic.EventTask::getEventType (5 bytes)
Event: 4.353 Thread 0x0000021645158e80 3675       1       jdk.jfr.internal.periodic.PeriodicTask::getPeriod (5 bytes)
Event: 4.353 Thread 0x0000021645159a20 3676       3       java.util.Comparator$$Lambda/0x0000021601179998::compare (10 bytes)
Event: 4.353 Thread 0x0000021645143a20 nmethod 3673 0x0000021657be7b08 code [0x0000021657be7da0, 0x0000021657be91f8]
Event: 4.353 Thread 0x000002164504b840 nmethod 3674 0x000002165f2d4108 code [0x000002165f2d4200, 0x000002165f2d42c8]
Event: 4.353 Thread 0x0000021645158e80 nmethod 3675 0x000002165f2d4408 code [0x000002165f2d4500, 0x000002165f2d45c8]
Event: 4.353 Thread 0x000002164504b840 3677       3       java.util.Comparator::lambda$comparingLong$6043328a$1 (18 bytes)
Event: 4.353 Thread 0x0000021645159a20 nmethod 3676 0x0000021657be9288 code [0x0000021657be93e0, 0x0000021657be9858]
Event: 4.353 Thread 0x000002164504b840 nmethod 3677 0x0000021657be9888 code [0x0000021657be99e0, 0x0000021657be9dc0]
Event: 4.354 Thread 0x0000021647d22ca0 nmethod 3657 0x000002165f2d4708 code [0x000002165f2d4800, 0x000002165f2d4c30]
Event: 4.355 Thread 0x0000021648ab3730 nmethod 3656 0x000002165f2d4c88 code [0x000002165f2d4da0, 0x000002165f2d53a0]
Event: 4.356 Thread 0x0000021645038350 nmethod 3672 0x000002165f2d5408 code [0x000002165f2d5520, 0x000002165f2d5798]
Event: 4.360 Thread 0x00000216477ea400 nmethod 3627 0x000002165f2d5808 code [0x000002165f2d5a60, 0x000002165f2d66a8]
Event: 4.366 Thread 0x0000021647ea90d0 nmethod 3642 0x000002165f2d6788 code [0x000002165f2d6ac0, 0x000002165f2da320]

GC Heap History (2 events):
Event: 1.757 GC heap before
{Heap before GC invocations=0 (full 0):
 garbage-first heap   total reserved 4118528K, committed 260096K, used 50288K [0x0000000704a00000, 0x0000000800000000)
  region size 2048K, 24 young (49152K), 0 survivors (0K)
 Metaspace       used 14805K, committed 15040K, reserved 1114112K
  class space    used 1364K, committed 1472K, reserved 1048576K
}
Event: 1.764 GC heap after
{Heap after GC invocations=1 (full 0):
 garbage-first heap   total reserved 4118528K, committed 260096K, used 11712K [0x0000000704a00000, 0x0000000800000000)
  region size 2048K, 3 young (6144K), 3 survivors (6144K)
 Metaspace       used 14805K, committed 15040K, reserved 1114112K
  class space    used 1364K, committed 1472K, reserved 1048576K
}

Dll operation events (13 events):
Event: 0.007 Loaded shared library C:\Users\TANYA\.jdks\openjdk-24\bin\java.dll
Event: 0.031 Loaded shared library C:\Users\TANYA\.jdks\openjdk-24\bin\jsvml.dll
Event: 0.093 Loaded shared library C:\Users\TANYA\.jdks\openjdk-24\bin\zip.dll
Event: 0.096 Loaded shared library C:\Users\TANYA\.jdks\openjdk-24\bin\instrument.dll
Event: 0.099 Loaded shared library C:\Users\TANYA\.jdks\openjdk-24\bin\net.dll
Event: 0.100 Loaded shared library C:\Users\TANYA\.jdks\openjdk-24\bin\nio.dll
Event: 0.104 Loaded shared library C:\Users\TANYA\.jdks\openjdk-24\bin\zip.dll
Event: 0.134 Loaded shared library C:\Users\TANYA\.jdks\openjdk-24\bin\jimage.dll
Event: 0.182 Loaded shared library C:\Users\TANYA\.jdks\openjdk-24\bin\extnet.dll
Event: 0.196 Loaded shared library C:\Users\TANYA\.jdks\openjdk-24\bin\management.dll
Event: 0.202 Loaded shared library C:\Users\TANYA\.jdks\openjdk-24\bin\management_ext.dll
Event: 0.605 Loaded shared library C:\Users\TANYA\.jdks\openjdk-24\bin\sunmscapi.dll
Event: 4.186 Loaded shared library C:\Users\TANYA\AppData\Local\Temp\idea_libasyncProfiler_dll_temp_folder\libasyncProfiler.dll

Deoptimization events (20 events):
Event: 4.299 Thread 0x000002166e93abf0 Uncommon trap: trap_request=0xffffffde fr.pc=0x000002165f2c1824 relative=0x0000000000000104
Event: 4.299 Thread 0x000002166e93abf0 Uncommon trap: reason=class_check action=maybe_recompile pc=0x000002165f2c1824 method=jdk.internal.misc.Unsafe.allocateUninitializedArray(Ljava/lang/Class;I)Ljava/lang/Object; @ 51 c2
Event: 4.299 Thread 0x000002166e93abf0 DEOPT PACKING pc=0x000002165f2c1824 sp=0x0000008338efd5b0
Event: 4.299 Thread 0x000002166e93abf0 DEOPT UNPACKING pc=0x000002165eb57a82 sp=0x0000008338efd528 mode 2
Event: 4.299 Thread 0x000002166e93abf0 Uncommon trap: trap_request=0xffffffde fr.pc=0x000002165f2c1824 relative=0x0000000000000104
Event: 4.299 Thread 0x000002166e93abf0 Uncommon trap: reason=class_check action=maybe_recompile pc=0x000002165f2c1824 method=jdk.internal.misc.Unsafe.allocateUninitializedArray(Ljava/lang/Class;I)Ljava/lang/Object; @ 51 c2
Event: 4.299 Thread 0x000002166e93abf0 DEOPT PACKING pc=0x000002165f2c1824 sp=0x0000008338efd5b0
Event: 4.299 Thread 0x000002166e93abf0 DEOPT UNPACKING pc=0x000002165eb57a82 sp=0x0000008338efd528 mode 2
Event: 4.299 Thread 0x000002166e93abf0 Uncommon trap: trap_request=0xffffffde fr.pc=0x000002165f2c1824 relative=0x0000000000000104
Event: 4.299 Thread 0x000002166e93abf0 Uncommon trap: reason=class_check action=maybe_recompile pc=0x000002165f2c1824 method=jdk.internal.misc.Unsafe.allocateUninitializedArray(Ljava/lang/Class;I)Ljava/lang/Object; @ 51 c2
Event: 4.300 Thread 0x000002166e93abf0 DEOPT PACKING pc=0x000002165f2c1824 sp=0x0000008338efd5b0
Event: 4.300 Thread 0x000002166e93abf0 DEOPT UNPACKING pc=0x000002165eb57a82 sp=0x0000008338efd528 mode 2
Event: 4.301 Thread 0x000002166e93abf0 Uncommon trap: trap_request=0xffffff4d fr.pc=0x000002165f1f04cc relative=0x000000000000028c
Event: 4.301 Thread 0x000002166e93abf0 Uncommon trap: reason=unstable_if action=reinterpret pc=0x000002165f1f04cc method=java.util.concurrent.ConcurrentHashMap.get(Ljava/lang/Object;)Ljava/lang/Object; @ 76 c2
Event: 4.301 Thread 0x000002166e93abf0 DEOPT PACKING pc=0x000002165f1f04cc sp=0x0000008338efe0f0
Event: 4.301 Thread 0x000002166e93abf0 DEOPT UNPACKING pc=0x000002165eb57a82 sp=0x0000008338efe068 mode 2
Event: 4.307 Thread 0x000002166e93abf0 Uncommon trap: trap_request=0xffffffcc fr.pc=0x000002165f2c2bfc relative=0x00000000000003bc
Event: 4.307 Thread 0x000002166e93abf0 Uncommon trap: reason=intrinsic_or_type_checked_inlining action=make_not_entrant pc=0x000002165f2c2bfc method=java.util.Arrays.copyOf([Ljava/lang/Object;ILjava/lang/Class;)[Ljava/lang/Object; @ 35 c2
Event: 4.307 Thread 0x000002166e93abf0 DEOPT PACKING pc=0x000002165f2c2bfc sp=0x0000008338efe250
Event: 4.307 Thread 0x000002166e93abf0 DEOPT UNPACKING pc=0x000002165eb57a82 sp=0x0000008338efe1e0 mode 2

Classes loaded (20 events):
Event: 4.333 Loading class jdk/jfr/internal/MetadataWriter
Event: 4.333 Loading class jdk/jfr/internal/MetadataWriter done
Event: 4.333 Loading class jdk/jfr/internal/MetadataDescriptor$Element
Event: 4.333 Loading class jdk/jfr/internal/MetadataDescriptor$Element done
Event: 4.333 Loading class jdk/jfr/internal/MetadataDescriptor$Attribute
Event: 4.333 Loading class jdk/jfr/internal/MetadataDescriptor$Attribute done
Event: 4.337 Loading class jdk/jfr/internal/consumer/StringParser$Encoding
Event: 4.337 Loading class jdk/jfr/internal/consumer/StringParser$Encoding done
Event: 4.342 Loading class jdk/jfr/internal/consumer/RepositoryFiles
Event: 4.342 Loading class jdk/jfr/internal/consumer/RepositoryFiles done
Event: 4.347 Loading class jdk/jfr/internal/SettingsManager$InternalSetting
Event: 4.348 Loading class jdk/jfr/internal/SettingsManager$InternalSetting done
Event: 4.349 Loading class jdk/jfr/internal/util/Rate
Event: 4.349 Loading class jdk/jfr/internal/util/Rate done
Event: 4.349 Loading class jdk/jfr/internal/util/TimespanUnit
Event: 4.349 Loading class jdk/jfr/internal/util/TimespanUnit done
Event: 4.350 Loading class jdk/jfr/internal/util/ValueParser
Event: 4.350 Loading class jdk/jfr/internal/util/ValueParser done
Event: 4.350 Loading class jdk/jfr/internal/periodic/PeriodicType
Event: 4.351 Loading class jdk/jfr/internal/periodic/PeriodicType done

Classes unloaded (0 events):
No events

Classes redefined (0 events):
No events

Internal exceptions (20 events):
Event: 0.534 Thread 0x000002164d25d120 Exception <a 'java/lang/NoSuchMethodError'{0x0000000711e2a6f8}: 'void java.lang.invoke.DirectMethodHandle$Holder.invokeStaticInit(java.lang.Object, java.lang.Object)'> (0x0000000711e2a6f8) 
thrown [s\open\src\hotspot\share\interpreter\linkResolver.cpp, line 805]
Event: 0.564 Thread 0x000002164d25d120 Exception <a 'sun/nio/fs/WindowsException'{0x0000000711f2b170}> (0x0000000711f2b170) 
thrown [s\open\src\hotspot\share\prims\jni.cpp, line 518]
Event: 0.678 Thread 0x00000216461be6a0 Exception <a 'java/lang/NoSuchMethodError'{0x00000007123b7d40}: 'long java.lang.invoke.DirectMethodHandle$Holder.invokeVirtual(java.lang.Object, java.lang.Object)'> (0x00000007123b7d40) 
thrown [s\open\src\hotspot\share\interpreter\linkResolver.cpp, line 805]
Event: 0.678 Thread 0x00000216461be6a0 Exception <a 'java/lang/NoSuchMethodError'{0x00000007123c0030}: 'java.lang.Object java.lang.invoke.DirectMethodHandle$Holder.invokeStatic(java.lang.Object, long)'> (0x00000007123c0030) 
thrown [s\open\src\hotspot\share\interpreter\linkResolver.cpp, line 805]
Event: 0.679 Thread 0x00000216461be6a0 Exception <a 'java/lang/NoSuchMethodError'{0x00000007123d00d8}: 'long java.lang.invoke.DelegatingMethodHandle$Holder.reinvoke_L(java.lang.Object, java.lang.Object)'> (0x00000007123d00d8) 
thrown [s\open\src\hotspot\share\interpreter\linkResolver.cpp, line 805]
Event: 0.739 Thread 0x000002164d25d120 Exception <a 'java/lang/NoSuchMethodError'{0x0000000711cc6cd8}: 'void java.lang.invoke.DirectMethodHandle$Holder.invokeVirtual(java.lang.Object, java.lang.Object)'> (0x0000000711cc6cd8) 
thrown [s\open\src\hotspot\share\interpreter\linkResolver.cpp, line 805]
Event: 0.806 Thread 0x000002164d25d120 Exception <a 'java/lang/NoSuchMethodError'{0x0000000711a871a8}: 'java.lang.Object java.lang.invoke.Invokers$Holder.invoke_MT(java.lang.Object, java.lang.Object, java.lang.Object, java.lang.Object, java.lang.Object, java.lang.Object)'> (0x0000000711a871a8) 
thrown [s\open\src\hotspot\share\interpreter\linkResolver.cpp, line 805]
Event: 0.807 Thread 0x000002164d25d120 Exception <a 'java/lang/NoSuchMethodError'{0x0000000711a8fe78}: 'java.lang.Object java.lang.invoke.DirectMethodHandle$Holder.invokeStatic(java.lang.Object, java.lang.Object, int)'> (0x0000000711a8fe78) 
thrown [s\open\src\hotspot\share\interpreter\linkResolver.cpp, line 805]
Event: 0.808 Thread 0x000002164d25d120 Exception <a 'java/lang/NoSuchMethodError'{0x0000000711ab13b0}: 'void java.lang.invoke.DelegatingMethodHandle$Holder.delegate(java.lang.Object, java.lang.Object, int, java.lang.Object)'> (0x0000000711ab13b0) 
thrown [s\open\src\hotspot\share\interpreter\linkResolver.cpp, line 805]
Event: 1.082 Thread 0x000002164d25d120 Exception <a 'java/lang/NoSuchMethodError'{0x0000000711893ca0}: 'void java.lang.invoke.DirectMethodHandle$Holder.invokeInterface(java.lang.Object, java.lang.Object)'> (0x0000000711893ca0) 
thrown [s\open\src\hotspot\share\interpreter\linkResolver.cpp, line 805]
Event: 4.218 Thread 0x000002166e93abf0 Exception <a 'java/lang/NoSuchMethodError'{0x00000007120b71f8}: 'void java.lang.invoke.DirectMethodHandle$Holder.invokeStaticInit(java.lang.Object)'> (0x00000007120b71f8) 
thrown [s\open\src\hotspot\share\interpreter\linkResolver.cpp, line 805]
Event: 4.227 Thread 0x000002166e93abf0 Exception <a 'java/lang/NoSuchMethodError'{0x0000000712115f98}: 'java.lang.Object java.lang.invoke.DirectMethodHandle$Holder.newInvokeSpecial(java.lang.Object, java.lang.Object, java.lang.Object, java.lang.Object, java.lang.Object)'> (0x0000000712115f98) 
thrown [s\open\src\hotspot\share\interpreter\linkResolver.cpp, line 805]
Event: 4.261 Thread 0x000002166e93abf0 Exception <a 'java/lang/NoSuchMethodError'{0x0000000711eab7e8}: 'int java.lang.invoke.DirectMethodHandle$Holder.invokeStatic(java.lang.Object, java.lang.Object, java.lang.Object, java.lang.Object)'> (0x0000000711eab7e8) 
thrown [s\open\src\hotspot\share\interpreter\linkResolver.cpp, line 805]
Event: 4.323 Thread 0x000002166e93abf0 Exception <a 'java/lang/NoSuchMethodError'{0x0000000711aa8700}: 'void java.lang.invoke.DirectMethodHandle$Holder.invokeSpecial(java.lang.Object, java.lang.Object, int)'> (0x0000000711aa8700) 
thrown [s\open\src\hotspot\share\interpreter\linkResolver.cpp, line 805]
Event: 4.323 Thread 0x000002166e93abf0 Exception <a 'java/lang/NoSuchMethodError'{0x0000000711ab0320}: 'void java.lang.invoke.Invokers$Holder.invokeExact_MT(java.lang.Object, int, java.lang.Object)'> (0x0000000711ab0320) 
thrown [s\open\src\hotspot\share\interpreter\linkResolver.cpp, line 805]
Event: 4.324 Thread 0x000002166e93abf0 Exception <a 'java/lang/NoSuchMethodError'{0x0000000711acab50}: 'void java.lang.invoke.DirectMethodHandle$Holder.invokeStatic(java.lang.Object, java.lang.Object, int)'> (0x0000000711acab50) 
thrown [s\open\src\hotspot\share\interpreter\linkResolver.cpp, line 805]
Event: 4.324 Thread 0x000002166e93abf0 Exception <a 'java/lang/NoSuchMethodError'{0x0000000711ad9a58}: 'java.lang.Object java.lang.invoke.DirectMethodHandle$Holder.newInvokeSpecial(java.lang.Object, java.lang.Object, int)'> (0x0000000711ad9a58) 
thrown [s\open\src\hotspot\share\interpreter\linkResolver.cpp, line 805]
Event: 4.328 Thread 0x000002166e93abf0 Exception <a 'sun/nio/fs/WindowsException'{0x0000000711b59f28}> (0x0000000711b59f28) 
thrown [s\open\src\hotspot\share\prims\jni.cpp, line 518]
Event: 4.329 Thread 0x000002166e93abf0 Exception <a 'sun/nio/fs/WindowsException'{0x0000000711b66d40}> (0x0000000711b66d40) 
thrown [s\open\src\hotspot\share\prims\jni.cpp, line 518]
Event: 4.331 Thread 0x000002166e93abf0 Exception <a 'sun/nio/fs/WindowsException'{0x0000000711b78b78}> (0x0000000711b78b78) 
thrown [s\open\src\hotspot\share\prims\jni.cpp, line 518]

VM Operations (20 events):
Event: 0.517 Executing VM operation: HandshakeAllThreads (Deoptimize)
Event: 0.517 Executing VM operation: HandshakeAllThreads (Deoptimize) done
Event: 0.540 Executing VM operation: HandshakeAllThreads (Deoptimize)
Event: 0.540 Executing VM operation: HandshakeAllThreads (Deoptimize) done
Event: 0.550 Executing VM operation: HandshakeAllThreads (Deoptimize)
Event: 0.550 Executing VM operation: HandshakeAllThreads (Deoptimize) done
Event: 0.564 Executing VM operation: HandshakeAllThreads (Deoptimize)
Event: 0.564 Executing VM operation: HandshakeAllThreads (Deoptimize) done
Event: 0.569 Executing VM operation: HandshakeAllThreads (Deoptimize)
Event: 0.569 Executing VM operation: HandshakeAllThreads (Deoptimize) done
Event: 0.748 Executing VM operation: HandshakeAllThreads (Deoptimize)
Event: 0.748 Executing VM operation: HandshakeAllThreads (Deoptimize) done
Event: 1.714 Executing VM operation: HandshakeAllThreads (Deoptimize)
Event: 1.714 Executing VM operation: HandshakeAllThreads (Deoptimize) done
Event: 1.757 Executing VM operation: G1CollectForAllocation (G1 Evacuation Pause)
Event: 1.764 Executing VM operation: G1CollectForAllocation (G1 Evacuation Pause) done
Event: 4.326 Executing VM operation: HandshakeAllThreads (Deoptimize)
Event: 4.326 Executing VM operation: HandshakeAllThreads (Deoptimize) done
Event: 4.342 Executing VM operation: JFRSafepointClear
Event: 4.342 Executing VM operation: JFRSafepointClear done

Memory protections (0 events):
No events

Nmethod flushes (0 events):
No events

Events (20 events):
Event: 1.780 Thread 0x0000021645158e80 Thread added: 0x000002164653d160
Event: 1.791 Thread 0x0000021645159a20 Thread added: 0x0000021646717960
Event: 1.796 Thread 0x0000021645143a20 Thread added: 0x00000216465405b0
Event: 1.800 Thread 0x0000021645158e80 Thread added: 0x0000021646540d40
Event: 1.803 Thread 0x000002164504b840 Thread added: 0x00000216466e7eb0
Event: 2.176 Thread 0x00000216466e7eb0 Thread exited: 0x00000216466e7eb0
Event: 2.176 Thread 0x0000021646540d40 Thread exited: 0x0000021646540d40
Event: 2.176 Thread 0x00000216465405b0 Thread exited: 0x00000216465405b0
Event: 2.176 Thread 0x0000021646717960 Thread exited: 0x0000021646717960
Event: 2.176 Thread 0x000002164653d160 Thread exited: 0x000002164653d160
Event: 2.176 Thread 0x0000021646539e90 Thread exited: 0x0000021646539e90
Event: 2.504 Thread 0x00000216468bef60 Thread exited: 0x00000216468bef60
Event: 4.199 Thread 0x0000021645143a20 Thread added: 0x0000021647ea90d0
Event: 4.199 Thread 0x000002164504b840 Thread added: 0x00000216477ea400
Event: 4.216 Thread 0x000002166e93abf0 Thread added: 0x0000021646765880
Event: 4.267 Thread 0x000002164504b840 Thread added: 0x0000021648ab3730
Event: 4.268 Thread 0x0000021645143a20 Thread added: 0x0000021647d22010
Event: 4.269 Thread 0x0000021645159a20 Thread added: 0x0000021647d22ca0
Event: 4.280 Thread 0x0000021647d22ca0 Thread added: 0x00000216481440d0
Event: 4.325 Thread 0x000002166e93abf0 Thread added: 0x0000021646763b40


Dynamic libraries:
0x00007ff7ffae0000 - 0x00007ff7ffaee000 	C:\Users\TANYA\.jdks\openjdk-24\bin\java.exe
0x00007ffd70120000 - 0x00007ffd70388000 	C:\WINDOWS\SYSTEM32\ntdll.dll
0x00007ffd6e170000 - 0x00007ffd6e239000 	C:\WINDOWS\System32\KERNEL32.DLL
0x00007ffd6d320000 - 0x00007ffd6d718000 	C:\WINDOWS\System32\KERNELBASE.dll
0x00007ffd6d720000 - 0x00007ffd6d86b000 	C:\WINDOWS\System32\ucrtbase.dll
0x00007ffd4ae90000 - 0x00007ffd4aeab000 	C:\Users\TANYA\.jdks\openjdk-24\bin\VCRUNTIME140.dll
0x00007ffd4aeb0000 - 0x00007ffd4aec6000 	C:\Users\TANYA\.jdks\openjdk-24\bin\jli.dll
0x00007ffd6e870000 - 0x00007ffd6ea37000 	C:\WINDOWS\System32\USER32.dll
0x00007ffd6d920000 - 0x00007ffd6d947000 	C:\WINDOWS\System32\win32u.dll
0x00007ffd509b0000 - 0x00007ffd50c44000 	C:\WINDOWS\WinSxS\amd64_microsoft.windows.common-controls_6595b64144ccf1df_6.0.26100.7019_none_3e06ffa0e335b8a8\COMCTL32.dll
0x00007ffd6f170000 - 0x00007ffd6f19b000 	C:\WINDOWS\System32\GDI32.dll
0x00007ffd6db50000 - 0x00007ffd6dc7c000 	C:\WINDOWS\System32\gdi32full.dll
0x00007ffd6f0c0000 - 0x00007ffd6f169000 	C:\WINDOWS\System32\msvcrt.dll
0x00007ffd6d870000 - 0x00007ffd6d913000 	C:\WINDOWS\System32\msvcp_win.dll
0x00007ffd6e030000 - 0x00007ffd6e061000 	C:\WINDOWS\System32\IMM32.DLL
0x00007ffd54d20000 - 0x00007ffd54d2c000 	C:\Users\TANYA\.jdks\openjdk-24\bin\vcruntime140_1.dll
0x00007ffd40610000 - 0x00007ffd4069e000 	C:\Users\TANYA\.jdks\openjdk-24\bin\msvcp140.dll
0x00007ffc5bcc0000 - 0x00007ffc5ca62000 	C:\Users\TANYA\.jdks\openjdk-24\bin\server\jvm.dll
0x00007ffd6f390000 - 0x00007ffd6f444000 	C:\WINDOWS\System32\ADVAPI32.dll
0x00007ffd6e240000 - 0x00007ffd6e2e6000 	C:\WINDOWS\System32\sechost.dll
0x00007ffd6f1a0000 - 0x00007ffd6f2b8000 	C:\WINDOWS\System32\RPCRT4.dll
0x00007ffd6f310000 - 0x00007ffd6f384000 	C:\WINDOWS\System32\WS2_32.dll
0x00007ffd6c380000 - 0x00007ffd6c3de000 	C:\WINDOWS\SYSTEM32\POWRPROF.dll
0x00007ffd5ec70000 - 0x00007ffd5eca5000 	C:\WINDOWS\SYSTEM32\WINMM.dll
0x00007ffd628d0000 - 0x00007ffd628db000 	C:\WINDOWS\SYSTEM32\VERSION.dll
0x00007ffd6c1e0000 - 0x00007ffd6c1f4000 	C:\WINDOWS\SYSTEM32\UMPDC.dll
0x00007ffd6c0a0000 - 0x00007ffd6c0bb000 	C:\WINDOWS\SYSTEM32\kernel.appcore.dll
0x00007ffd54a20000 - 0x00007ffd54a2a000 	C:\Users\TANYA\.jdks\openjdk-24\bin\jimage.dll
0x00007ffd6a9a0000 - 0x00007ffd6abe2000 	C:\WINDOWS\SYSTEM32\DBGHELP.DLL
0x00007ffd6e4e0000 - 0x00007ffd6e86b000 	C:\WINDOWS\System32\combase.dll
0x00007ffd6ef70000 - 0x00007ffd6f047000 	C:\WINDOWS\System32\OLEAUT32.dll
0x00007ffd60b20000 - 0x00007ffd60b5c000 	C:\WINDOWS\SYSTEM32\dbgcore.DLL
0x00007ffd6d270000 - 0x00007ffd6d315000 	C:\WINDOWS\System32\bcryptPrimitives.dll
0x00007ffd54c70000 - 0x00007ffd54c7f000 	C:\Users\TANYA\.jdks\openjdk-24\bin\instrument.dll
0x00007ffd4ae70000 - 0x00007ffd4ae8e000 	C:\Users\TANYA\.jdks\openjdk-24\bin\java.dll
0x00007ffd6f460000 - 0x00007ffd6f5f7000 	C:\WINDOWS\System32\ole32.dll
0x00007ffd6f980000 - 0x00007ffd700cf000 	C:\WINDOWS\System32\SHELL32.dll
0x00007ffd6d950000 - 0x00007ffd6dabb000 	C:\WINDOWS\System32\wintypes.dll
0x00007ffd6ae90000 - 0x00007ffd6b6ed000 	C:\WINDOWS\SYSTEM32\windows.storage.dll
0x00007ffd6e070000 - 0x00007ffd6e162000 	C:\WINDOWS\System32\SHCORE.dll
0x00007ffd6f050000 - 0x00007ffd6f0b7000 	C:\WINDOWS\System32\shlwapi.dll
0x00007ffd6d190000 - 0x00007ffd6d1b9000 	C:\WINDOWS\SYSTEM32\profapi.dll
0x00007ffd40530000 - 0x00007ffd40607000 	C:\Users\TANYA\.jdks\openjdk-24\bin\jsvml.dll
0x00007ffd40740000 - 0x00007ffd40757000 	C:\Users\TANYA\.jdks\openjdk-24\bin\zip.dll
0x00007ffd4ae60000 - 0x00007ffd4ae70000 	C:\Users\TANYA\.jdks\openjdk-24\bin\net.dll
0x00007ffd6c6c0000 - 0x00007ffd6c72b000 	C:\WINDOWS\system32\mswsock.dll
0x00007ffd40760000 - 0x00007ffd40776000 	C:\Users\TANYA\.jdks\openjdk-24\bin\nio.dll
0x00007ffd4ae50000 - 0x00007ffd4ae59000 	C:\Users\TANYA\.jdks\openjdk-24\bin\extnet.dll
0x00007ffd6bbb0000 - 0x00007ffd6bcdc000 	C:\WINDOWS\SYSTEM32\DNSAPI.dll
0x00007ffd6bb70000 - 0x00007ffd6bba4000 	C:\WINDOWS\SYSTEM32\IPHLPAPI.DLL
0x00007ffd6ef50000 - 0x00007ffd6ef5a000 	C:\WINDOWS\System32\NSI.dll
0x00007ffd63c70000 - 0x00007ffd63c7b000 	C:\Windows\System32\rasadhlp.dll
0x00007ffd64500000 - 0x00007ffd64586000 	C:\WINDOWS\System32\fwpuclnt.dll
0x00007ffd54c20000 - 0x00007ffd54c2a000 	C:\Users\TANYA\.jdks\openjdk-24\bin\management.dll
0x00007ffd54a80000 - 0x00007ffd54a8b000 	C:\Users\TANYA\.jdks\openjdk-24\bin\management_ext.dll
0x00007ffd6e2f0000 - 0x00007ffd6e2f8000 	C:\WINDOWS\System32\PSAPI.DLL
0x00007ffd6c980000 - 0x00007ffd6c99b000 	C:\WINDOWS\SYSTEM32\CRYPTSP.dll
0x00007ffd6c000000 - 0x00007ffd6c03a000 	C:\WINDOWS\system32\rsaenh.dll
0x00007ffd6c770000 - 0x00007ffd6c79b000 	C:\WINDOWS\SYSTEM32\USERENV.dll
0x00007ffd6d160000 - 0x00007ffd6d18a000 	C:\WINDOWS\SYSTEM32\bcrypt.dll
0x00007ffd6c9a0000 - 0x00007ffd6c9ac000 	C:\WINDOWS\SYSTEM32\CRYPTBASE.dll
0x00007ffce9ab0000 - 0x00007ffce9ac8000 	C:\WINDOWS\system32\napinsp.dll
0x00007ffce9a90000 - 0x00007ffce9aa2000 	C:\WINDOWS\System32\winrnr.dll
0x00007ffcf2fe0000 - 0x00007ffcf3002000 	C:\WINDOWS\system32\nlansp_c.dll
0x00007ffd62690000 - 0x00007ffd626a6000 	C:\WINDOWS\system32\wshbth.dll
0x00007ffd40500000 - 0x00007ffd4050e000 	C:\Users\TANYA\.jdks\openjdk-24\bin\sunmscapi.dll
0x00007ffd6dc80000 - 0x00007ffd6ddf7000 	C:\WINDOWS\System32\CRYPT32.dll
0x00007ffd6cba0000 - 0x00007ffd6cbd0000 	C:\WINDOWS\SYSTEM32\ncrypt.dll
0x00007ffd6cb50000 - 0x00007ffd6cb8f000 	C:\WINDOWS\SYSTEM32\NTASN1.dll
0x00007ffc6d700000 - 0x00007ffc6d90e000 	C:\Users\TANYA\AppData\Local\Temp\idea_libasyncProfiler_dll_temp_folder\libasyncProfiler.dll

dbghelp: loaded successfully - version: 4.0.5 - missing functions: none
symbol engine: initialized successfully - sym options: 0x614 - pdb path: .;C:\Users\TANYA\.jdks\openjdk-24\bin;C:\WINDOWS\SYSTEM32;C:\WINDOWS\WinSxS\amd64_microsoft.windows.common-controls_6595b64144ccf1df_6.0.26100.7019_none_3e06ffa0e335b8a8;C:\Users\TANYA\.jdks\openjdk-24\bin\server;C:\Users\TANYA\AppData\Local\Temp\idea_libasyncProfiler_dll_temp_folder

VM Arguments:
jvm_args: -javaagent:C:\Program Files\JetBrains\IntelliJ IDEA 2024.3.5\lib\idea_rt.jar=50588 -Dfile.encoding=UTF-8 -Dsun.stdout.encoding=UTF-8 -Dsun.stderr.encoding=UTF-8 
java_command: vn.edu.hcmuaf.fit.load_data.LoadCleanToDB
java_class_path (initial): D:\YEAR 4\DATA WAREHOUSE\DataWarehouse\project\target\classes;C:\Users\TANYA\.m2\repository\org\jsoup\jsoup\1.15.3\jsoup-1.15.3.jar;C:\Users\TANYA\.m2\repository\com\opencsv\opencsv\5.7.1\opencsv-5.7.1.jar;C:\Users\TANYA\.m2\repository\org\apache\commons\commons-lang3\3.12.0\commons-lang3-3.12.0.jar;C:\Users\TANYA\.m2\repository\org\apache\commons\commons-text\1.10.0\commons-text-1.10.0.jar;C:\Users\TANYA\.m2\repository\commons-beanutils\commons-beanutils\1.9.4\commons-beanutils-1.9.4.jar;C:\Users\TANYA\.m2\repository\commons-logging\commons-logging\1.2\commons-logging-1.2.jar;C:\Users\TANYA\.m2\repository\commons-collections\commons-collections\3.2.2\commons-collections-3.2.2.jar;C:\Users\TANYA\.m2\repository\org\apache\commons\commons-collections4\4.4\commons-collections4-4.4.jar;C:\Users\TANYA\.m2\repository\com\mysql\mysql-connector-j\8.0.33\mysql-connector-j-8.0.33.jar;C:\Users\TANYA\.m2\repository\com\google\protobuf\protobuf-java\3.21.9\protobuf-java-3.21.9.jar;C:\Users\TANYA\.m2\repository\org\slf4j\slf4j-simple\2.0.9\slf4j-simple-2.0.9.jar;C:\Users\TANYA\.m2\repository\org\slf4j\slf4j-api\2.0.9\slf4j-api-2.0.9.jar;C:\Users\TANYA\.m2\repository\org\seleniumhq\selenium\selenium-java\4.16.1\selenium-java-4.16.1.jar;C:\Users\TANYA\.m2\repository\org\seleniumhq\selenium\selenium-api\4.16.1\selenium-api-4.16.1.jar;C:\Users\TANYA\.m2\repository\org\seleniumhq\selenium\selenium-chrome-driver\4.16.1\selenium-chrome-driver-4.16.1.jar;C:\Users\TANYA\.m2\repository\com\google\auto\service\auto-service-annotations\1.1.1\auto-service-annotations-1.1.1.jar;C:\Users\TANYA\.m2\repository\org\seleniumhq\selenium\selenium-chromium-driver\4.16.1\selenium-chromium-driver-4.16.1.jar;C:\Users\TANYA\.m2\repository\org\seleniumhq\selenium\selenium-json\4.16.1\selenium-json-4.16.1.jar;C:\Users\TANYA\.m2\repository\org\seleniumhq\selenium\selenium-manager\4.16.1\selenium-manager-4.16.1.jar;C:\Users\TANYA\.m2\repository\org\seleniumhq\selenium\selenium-devtools-v118\4.16.1\selenium-devtools-v118-4.16.1.jar;C:\Users\TANYA\.m2\repository\org\seleniumhq\selenium\selenium-devtools-v119\4.16.1\selenium-devtools-v119-4.16.1.jar;C:\Users\TANYA\.m2\repository\org\seleniumhq\selenium\selenium-devtools-v120\4.16.1\selenium-devtools-v120-4.16.1.jar;C:\Users\TANYA\.m2\repository\org\seleniumhq\selenium\selenium-devtools-v85\4.16.1\selenium-devtools-v85-4.16.1.jar;C:\Users\TANYA\.m2\repository\org\seleniumhq\selenium\selenium-edge-driver\4.16.1\selenium-edge-driver-4.16.1.jar;C:\Users\TANYA\.m2\repository\org\seleniumhq\selenium\selenium-firefox-driver\4.16.1\selenium-firefox-driver-4.16.1.jar;C:\Users\TANYA\.m2\repository\org\seleniumhq\selenium\selenium-http\4.16.1\selenium-http-4.16.1.jar;C:\Users\TANYA\.m2\repository\dev\failsafe\failsafe\3.3.2\failsafe-3.3.2.jar;C:\Users\TANYA\.m2\repository\org\seleniumhq\selenium\selenium-ie-driver\4.16.1\selenium-ie-driver-4.16.1.jar;C:\Users\TANYA\.m2\repository\org\seleniumhq\selenium\selenium-remote-driver\4.16.1\selenium-remote-driver-4.16.1.jar;C:\Users\TANYA\.m2\repository\com\google\guava\guava\32.1.2-jre\guava-32.1.2-jre.jar;C:\Users\TANYA\.m2\repository\com\google\guava\failureaccess\1.0.1\failureaccess-1.0.1.jar;C:\Users\TANYA\.m2\repository\com\google\guava\listenablefuture\9999.0-empty-to-avoid-conflict-with-guava\listenablefuture-9999.0-empty-to-avoid-conflict-with-guava.jar;C:\Users\TANYA\.m2\repository\com\google\code\findbugs\jsr305\3.0.2\jsr305-3.0.2.jar;C:\Users\TANYA\.m2\repository\org\checkerframework\checker-qual\3.33.0\checker-qual-3.33.0.jar;C:\Users\TANYA\.m2\repository\com\google\errorprone\error_prone_annotations\2.18.0\error_prone_annotations-2.18.0.jar;C:\Users\TANYA\.m2\repository\com\google\j2objc\j2objc-annotations\2.8\j2objc-annotations-2.8.jar;C:\Users\TANYA\.m2\repository\io\opentelemetry\opentelemetry-api\1.28.0\opentelemetry-api-1.28.0.jar;C:\Users\TANYA\.m2\repository\io\opentelemetry\opentelemetry-context\1.28.0\opentelemetry-context-1.28.0.jar;C:\Users\TANYA\.m2\repository\io\opentelemetry\opentelemetry-exporter-logging\1.28.0\opentelemetry-exporter-logging-1.28.0.jar;C:\Users\TANYA\.m2\repository\io\opentelemetry\opentelemetry-sdk-metrics\1.28.0\opentelemetry-sdk-metrics-1.28.0.jar;C:\Users\TANYA\.m2\repository\io\opentelemetry\opentelemetry-extension-incubator\1.28.0-alpha\opentelemetry-extension-incubator-1.28.0-alpha.jar;C:\Users\TANYA\.m2\repository\io\opentelemetry\opentelemetry-sdk-logs\1.28.0\opentelemetry-sdk-logs-1.28.0.jar;C:\Users\TANYA\.m2\repository\io\opentelemetry\opentelemetry-sdk-common\1.28.0\opentelemetry-sdk-common-1.28.0.jar;C:\Users\TANYA\.m2\repository\io\opentelemetry\opentelemetry-sdk-extension-autoconfigure-spi\1.28.0\opentelemetry-sdk-extension-autoconfigure-spi-1.28.0.jar;C:\Users\TANYA\.m2\repository\io\opentelemetry\opentelemetry-sdk-extension-autoconfigure\1.28.0\opentelemetry-sdk-extension-autoconfigure-1.28.0.jar;C:\Users\TANYA\.m2\repository\io\opentelemetry\opentelemetry-api-events\1.28.0-alpha\opentelemetry-api-events-1.28.0-alpha.jar;C:\Users\TANYA\.m2\repository\io\opentelemetry\opentelemetry-sdk-trace\1.28.0\opentelemetry-sdk-trace-1.28.0.jar;C:\Users\TANYA\.m2\repository\io\opentelemetry\opentelemetry-sdk\1.28.0\opentelemetry-sdk-1.28.0.jar;C:\Users\TANYA\.m2\repository\io\opentelemetry\opentelemetry-semconv\1.28.0-alpha\opentelemetry-semconv-1.28.0-alpha.jar;C:\Users\TANYA\.m2\repository\net\bytebuddy\byte-buddy\1.14.5\byte-buddy-1.14.5.jar;C:\Users\TANYA\.m2\repository\org\seleniumhq\selenium\selenium-os\4.16.1\selenium-os-4.16.1.jar;C:\Users\TANYA\.m2\repository\org\apache\commons\commons-exec\1.3\commons-exec-1.3.jar;C:\Users\TANYA\.m2\repository\org\seleniumhq\selenium\selenium-safari-driver\4.16.1\selenium-safari-driver-4.16.1.jar;C:\Users\TANYA\.m2\repository\org\seleniumhq\selenium\selenium-support\4.16.1\selenium-support-4.16.1.jar;C:\Users\TANYA\.m2\repository\io\github\bonigarcia\webdrivermanager\5.6.3\webdrivermanager-5.6.3.jar;C:\Users\TANYA\.m2\repository\com\google\code\gson\gson\2.10.1\gson-2.10.1.jar;C:\Users\TANYA\.m2\repository\com\github\docker-java\docker-java\3.3.4\docker-java-3.3.4.jar;C:\Users\TANYA\.m2\repository\com\github\docker-java\docker-java-core\3.3.4\docker-java-core-3.3.4.jar;C:\Users\TANYA\.m2\repository\com\github\docker-java\docker-java-api\3.3.4\docker-java-api-3.3.4.jar;C:\Users\TANYA\.m2\repository\com\fasterxml\jackson\core\jackson-annotations\2.10.3\jackson-annotations-2.10.3.jar;C:\Users\TANYA\.m2\repository\commons-io\commons-io\2.13.0\commons-io-2.13.0.jar;C:\Users\TANYA\.m2\repository\com\fasterxml\jackson\core\jackson-databind\2.10.3\jackson-databind-2.10.3.jar;C:\Users\TANYA\.m2\repository\com\fasterxml\jackson\core\jackson-core\2.10.3\jackson-core-2.10.3.jar;C:\Users\TANYA\.m2\repository\org\bouncycastle\bcpkix-jdk18on\1.76\bcpkix-jdk18on-1.76.jar;C:\Users\TANYA\.m2\repository\org\bouncycastle\bcprov-jdk18on\1.76\bcprov-jdk18on-1.76.jar;C:\Users\TANYA\.m2\repository\org\bouncycastle\bcutil-jdk18on\1.76\bcutil-jdk18on-1.76.jar;C:\Users\TANYA\.m2\repository\org\slf4j\jcl-over-slf4j\1.7.30\jcl-over-slf4j-1.7.30.jar;C:\Users\TANYA\.m2\repository\com\github\docker-java\docker-java-transport-httpclient5\3.3.4\docker-java-transport-httpclient5-3.3.4.jar;C:\Users\TANYA\.m2\repository\com\github\docker-java\docker-java-transport\3.3.4\docker-java-transport-3.3.4.jar;C:\Users\TANYA\.m2\repository\net\java\dev\jna\jna\5.13.0\jna-5.13.0.jar;C:\Users\TANYA\.m2\repository\org\brotli\dec\0.1.2\dec-0.1.2.jar;C:\Users\TANYA\.m2\repository\org\apache\commons\commons-compress\1.25.0\commons-compress-1.25.0.jar;C:\Users\TANYA\.m2\repository\org\apache\httpcomponents\client5\httpclient5\5.2.1\httpclient5-5.2.1.jar;C:\Users\TANYA\.m2\repository\org\apache\httpcomponents\core5\httpcore5\5.2\httpcore5-5.2.jar;C:\Users\TANYA\.m2\repository\org\apache\httpcomponents\core5\httpcore5-h2\5.2\httpcore5-h2-5.2.jar;C:\Users\TANYA\.m2\repository\joda-time\joda-time\2.12.7\joda-time-2.12.7.jar
Launcher Type: SUN_STANDARD

[Global flags]
     intx CICompilerCount                          = 12                                        {product} {ergonomic}
     uint ConcGCThreads                            = 3                                         {product} {ergonomic}
     bool FlightRecorder                           = true                                      {product} {management}
     uint G1ConcRefinementThreads                  = 13                                        {product} {ergonomic}
   size_t G1HeapRegionSize                         = 2097152                                   {product} {ergonomic}
   size_t InitialHeapSize                          = 264241152                                 {product} {ergonomic}
   size_t MarkStackSize                            = 4194304                                   {product} {ergonomic}
   size_t MarkStackSizeMax                         = 536870912                                 {product} {ergonomic}
   size_t MaxHeapSize                              = 4217372672                                {product} {ergonomic}
   size_t MaxNewSize                               = 2529165312                                {product} {ergonomic}
   size_t MinHeapDeltaBytes                        = 2097152                                   {product} {ergonomic}
   size_t MinHeapSize                              = 8388608                                   {product} {ergonomic}
    uintx NonNMethodCodeHeapSize                   = 7602176                                {pd product} {ergonomic}
    uintx NonProfiledCodeHeapSize                  = 122093568                              {pd product} {ergonomic}
    uintx ProfiledCodeHeapSize                     = 121962496                              {pd product} {ergonomic}
    uintx ReservedCodeCacheSize                    = 251658240                              {pd product} {ergonomic}
     bool SegmentedCodeCache                       = true                                      {product} {ergonomic}
   size_t SoftMaxHeapSize                          = 4217372672                             {manageable} {ergonomic}
     bool UseCompressedOops                        = true                           {product lp64_product} {ergonomic}
     bool UseG1GC                                  = true                                      {product} {ergonomic}
     bool UseLargePagesIndividualAllocation        = false                                  {pd product} {ergonomic}

Logging:
Log output configuration:
 #0: stdout all=warning uptime,level,tags foldmultilines=false
 #1: stderr all=off uptime,level,tags foldmultilines=false

Environment Variables:
JAVA_HOME=C:\Program Files\Java\jdk-17
PATH=C:\Program Files\Common Files\Oracle\Java\javapath;C:\Program Files (x86)\VMware\VMware Workstation\bin\;C:\Windows\system32;C:\Windows;C:\Windows\System32\Wbem;C:\Windows\System32\WindowsPowerShell\v1.0\;C:\Program Files (x86)\NVIDIA Corporation\PhysX\Common;C:\Program Files\NVIDIA Corporation\NVIDIA NvDLISR;C:\Program Files\Git\cmd;C:\Program Files\Microsoft SQL Server\150\Tools\Binn\;D:\Downloads\gradle-8.13\bin;C:\Program Files\Java\jdk-17\bin;C:\Program Files\PuTTY\;C:\Program Files\OpenSSL-Win64\bin;D:\Downloads\jdk-21.0.7\bin;C:\Program Files\nodejs;D:\Downloads\apache-maven-3.9.9\bin;C:\WINDOWS\system32;C:\WINDOWS;C:\WINDOWS\System32\Wbem;C:\WINDOWS\System32\WindowsPowerShell\v1.0\;C:\WINDOWS\System32\OpenSSH\;C:\Program Files\nodejs\;C:\xampp\mysql\bin;C:\Users\TANYA\AppData\Local\Microsoft\WindowsApps;C:\Users\TANYA\AppData\Roaming\npm;D:\YEAR 4\MBL\Microsoft VS Code\bin
USERNAME=TANYA
OS=Windows_NT
PROCESSOR_IDENTIFIER=Intel64 Family 6 Model 186 Stepping 2, GenuineIntel
TMP=C:\Users\TANYA\AppData\Local\Temp
TEMP=C:\Users\TANYA\AppData\Local\Temp




Periodic native trim disabled

---------------  S Y S T E M  ---------------

OS:
 Windows 11 , 64 bit Build 26100 (10.0.26100.7019)
OS uptime: 0 days 4:58 hours
Hyper-V role detected

CPU: total 16 (initial active 16) (8 cores per cpu, 2 threads per core) family 6 model 186 stepping 2 microcode 0x410e, cx8, cmov, fxsr, ht, mmx, 3dnowpref, sse, sse2, sse3, ssse3, sse4.1, sse4.2, popcnt, lzcnt, tsc, tscinvbit, avx, avx2, aes, erms, clmul, bmi1, bmi2, adx, sha, fma, vzeroupper, clflush, clflushopt, clwb, hv, serialize, rdtscp, rdpid, fsrm, gfni, f16c, cet_ibt, cet_ss
Processor Information for processor 0
  Max Mhz: 2400, Current Mhz: 2400, Mhz Limit: 2400
Processor Information for processor 1
  Max Mhz: 2400, Current Mhz: 2400, Mhz Limit: 2400
Processor Information for processor 2
  Max Mhz: 2400, Current Mhz: 2400, Mhz Limit: 2400
Processor Information for processor 3
  Max Mhz: 2400, Current Mhz: 2400, Mhz Limit: 2400
Processor Information for processor 4
  Max Mhz: 2400, Current Mhz: 2400, Mhz Limit: 2400
Processor Information for processor 5
  Max Mhz: 2400, Current Mhz: 2400, Mhz Limit: 2400
Processor Information for processor 6
  Max Mhz: 2400, Current Mhz: 2400, Mhz Limit: 2400
Processor Information for processor 7
  Max Mhz: 2400, Current Mhz: 1520, Mhz Limit: 2400
Processor Information for processor 8
  Max Mhz: 2400, Current Mhz: 2400, Mhz Limit: 2400
Processor Information for processor 9
  Max Mhz: 2400, Current Mhz: 1520, Mhz Limit: 2400
Processor Information for processor 10
  Max Mhz: 2400, Current Mhz: 2400, Mhz Limit: 2400
Processor Information for processor 11
  Max Mhz: 2400, Current Mhz: 1520, Mhz Limit: 2400
Processor Information for processor 12
  Max Mhz: 2400, Current Mhz: 2400, Mhz Limit: 2400
Processor Information for processor 13
  Max Mhz: 2400, Current Mhz: 2400, Mhz Limit: 2400
Processor Information for processor 14
  Max Mhz: 2400, Current Mhz: 2400, Mhz Limit: 2400
Processor Information for processor 15
  Max Mhz: 2400, Current Mhz: 1466, Mhz Limit: 2400

Memory: 4k page, system-wide physical 16087M (3046M free)
TotalPageFile size 31447M (AvailPageFile size 8156M)
current process WorkingSet (physical memory assigned to process): 187M, peak: 187M
current process commit charge ("private bytes"): 455M, peak: 455M

vm_info: OpenJDK 64-Bit Server VM (24+36-3646) for windows-amd64 JRE (24+36-3646), built on 2025-02-06T00:20:43Z with MS VC++ 17.6 (VS2022)

END.
